[I 2023-08-09 11:49:51,247] A new study created in memory with name: no-name-8317af28-a39a-4a42-8212-236995cba082
[I 2023-08-09 11:51:42,513] Trial 0 finished with value: 0.4919720000000001 and parameters: {'alpha': 8, 'beta': 1.5, 'l1_in': 256, 'actor_l2_in': 128, 'actor_l3_in': 192, 'actor_l4_in': 64, 'critic_l2_in': 192, 'critic_l3_in': 192, 'critic_l4_in': 128, 'actor_lr': 0.0002}. Best is trial 0 with value: 0.4919720000000001.
[I 2023-08-09 11:53:26,147] Trial 1 finished with value: 0.4860480000000001 and parameters: {'alpha': 6, 'beta': 1.5, 'l1_in': 128, 'actor_l2_in': 64, 'actor_l3_in': 64, 'actor_l4_in': 64, 'critic_l2_in': 64, 'critic_l3_in': 256, 'critic_l4_in': 256, 'actor_lr': 0.0005}. Best is trial 0 with value: 0.4919720000000001.
[I 2023-08-09 11:55:21,638] Trial 2 finished with value: 0.791756 and parameters: {'alpha': 2, 'beta': 3.0, 'l1_in': 64, 'actor_l2_in': 256, 'actor_l3_in': 256, 'actor_l4_in': 192, 'critic_l2_in': 64, 'critic_l3_in': 256, 'critic_l4_in': 256, 'actor_lr': 0.0001}. Best is trial 2 with value: 0.791756.
[I 2023-08-09 11:57:08,306] Trial 3 finished with value: 0.5214920000000001 and parameters: {'alpha': 6, 'beta': 2.5, 'l1_in': 192, 'actor_l2_in': 64, 'actor_l3_in': 64, 'actor_l4_in': 128, 'critic_l2_in': 128, 'critic_l3_in': 128, 'critic_l4_in': 192, 'actor_lr': 0.0003}. Best is trial 2 with value: 0.791756.
[I 2023-08-09 11:59:04,328] Trial 4 finished with value: 0.614732 and parameters: {'alpha': 8, 'beta': 3.0, 'l1_in': 256, 'actor_l2_in': 256, 'actor_l3_in': 192, 'actor_l4_in': 64, 'critic_l2_in': 192, 'critic_l3_in': 128, 'critic_l4_in': 64, 'actor_lr': 0.0006}. Best is trial 2 with value: 0.791756.
[I 2023-08-09 12:00:58,976] Trial 5 finished with value: 0.54524 and parameters: {'alpha': 8, 'beta': 2.5, 'l1_in': 128, 'actor_l2_in': 64, 'actor_l3_in': 256, 'actor_l4_in': 256, 'critic_l2_in': 192, 'critic_l3_in': 256, 'critic_l4_in': 256, 'actor_lr': 0.0008}. Best is trial 2 with value: 0.791756.
[I 2023-08-09 12:02:57,022] Trial 6 finished with value: 0.5201200000000001 and parameters: {'alpha': 8, 'beta': 1.5, 'l1_in': 192, 'actor_l2_in': 192, 'actor_l3_in': 256, 'actor_l4_in': 256, 'critic_l2_in': 192, 'critic_l3_in': 64, 'critic_l4_in': 256, 'actor_lr': 0.0002}. Best is trial 2 with value: 0.791756.
[I 2023-08-09 12:04:41,739] Trial 7 finished with value: 0.540328 and parameters: {'alpha': 8, 'beta': 2.5, 'l1_in': 256, 'actor_l2_in': 192, 'actor_l3_in': 128, 'actor_l4_in': 64, 'critic_l2_in': 64, 'critic_l3_in': 128, 'critic_l4_in': 128, 'actor_lr': 0.0005}. Best is trial 2 with value: 0.791756.
[I 2023-08-09 12:06:27,112] Trial 8 finished with value: 0.682784 and parameters: {'alpha': 2, 'beta': 1.5, 'l1_in': 128, 'actor_l2_in': 128, 'actor_l3_in': 64, 'actor_l4_in': 192, 'critic_l2_in': 256, 'critic_l3_in': 64, 'critic_l4_in': 64, 'actor_lr': 0.0007}. Best is trial 2 with value: 0.791756.
[I 2023-08-09 12:08:11,531] Trial 9 finished with value: 0.595686 and parameters: {'alpha': 8, 'beta': 2.5, 'l1_in': 192, 'actor_l2_in': 64, 'actor_l3_in': 192, 'actor_l4_in': 256, 'critic_l2_in': 64, 'critic_l3_in': 256, 'critic_l4_in': 128, 'actor_lr': 0.0004}. Best is trial 2 with value: 0.791756.
[I 2023-08-09 12:10:05,142] Trial 10 finished with value: 0.7125640000000001 and parameters: {'alpha': 2, 'beta': 3.0, 'l1_in': 64, 'actor_l2_in': 256, 'actor_l3_in': 256, 'actor_l4_in': 192, 'critic_l2_in': 256, 'critic_l3_in': 192, 'critic_l4_in': 192, 'actor_lr': 0.0001}. Best is trial 2 with value: 0.791756.
[I 2023-08-09 12:11:58,662] Trial 11 finished with value: 0.7322879999999999 and parameters: {'alpha': 2, 'beta': 3.0, 'l1_in': 64, 'actor_l2_in': 256, 'actor_l3_in': 256, 'actor_l4_in': 192, 'critic_l2_in': 256, 'critic_l3_in': 192, 'critic_l4_in': 192, 'actor_lr': 0.0001}. Best is trial 2 with value: 0.791756.
[I 2023-08-09 12:13:53,069] Trial 12 finished with value: 0.7478179999999999 and parameters: {'alpha': 10, 'beta': 3.0, 'l1_in': 64, 'actor_l2_in': 256, 'actor_l3_in': 256, 'actor_l4_in': 192, 'critic_l2_in': 256, 'critic_l3_in': 192, 'critic_l4_in': 192, 'actor_lr': 0.0001}. Best is trial 2 with value: 0.791756.
[I 2023-08-09 12:15:45,696] Trial 13 finished with value: 0.67149 and parameters: {'alpha': 10, 'beta': 2.0, 'l1_in': 64, 'actor_l2_in': 256, 'actor_l3_in': 256, 'actor_l4_in': 192, 'critic_l2_in': 128, 'critic_l3_in': 192, 'critic_l4_in': 192, 'actor_lr': 0.0001}. Best is trial 2 with value: 0.791756.
[I 2023-08-09 12:17:32,040] Trial 14 finished with value: 0.533732 and parameters: {'alpha': 10, 'beta': 3.0, 'l1_in': 64, 'actor_l2_in': 256, 'actor_l3_in': 128, 'actor_l4_in': 192, 'critic_l2_in': 64, 'critic_l3_in': 256, 'critic_l4_in': 256, 'actor_lr': 0.0009}. Best is trial 2 with value: 0.791756.
[I 2023-08-09 12:19:23,377] Trial 15 finished with value: 0.765222 and parameters: {'alpha': 4, 'beta': 3.0, 'l1_in': 64, 'actor_l2_in': 256, 'actor_l3_in': 256, 'actor_l4_in': 128, 'critic_l2_in': 256, 'critic_l3_in': 192, 'critic_l4_in': 192, 'actor_lr': 0.0001}. Best is trial 2 with value: 0.791756.
[I 2023-08-09 12:21:15,061] Trial 16 finished with value: 0.7850499999999999 and parameters: {'alpha': 4, 'beta': 2.0, 'l1_in': 64, 'actor_l2_in': 256, 'actor_l3_in': 256, 'actor_l4_in': 128, 'critic_l2_in': 64, 'critic_l3_in': 256, 'critic_l4_in': 256, 'actor_lr': 0.0001}. Best is trial 2 with value: 0.791756.
[I 2023-08-09 12:23:06,714] Trial 17 finished with value: 0.7671899999999999 and parameters: {'alpha': 4, 'beta': 2.0, 'l1_in': 64, 'actor_l2_in': 256, 'actor_l3_in': 256, 'actor_l4_in': 128, 'critic_l2_in': 64, 'critic_l3_in': 256, 'critic_l4_in': 256, 'actor_lr': 0.0009}. Best is trial 2 with value: 0.791756.
[I 2023-08-09 12:24:50,901] Trial 18 finished with value: 0.780492 and parameters: {'alpha': 4, 'beta': 2.0, 'l1_in': 64, 'actor_l2_in': 128, 'actor_l3_in': 128, 'actor_l4_in': 128, 'critic_l2_in': 64, 'critic_l3_in': 256, 'critic_l4_in': 256, 'actor_lr': 0.0003}. Best is trial 2 with value: 0.791756.
[I 2023-08-09 12:26:41,646] Trial 19 finished with value: 0.4760760000000001 and parameters: {'alpha': 4, 'beta': 2.0, 'l1_in': 64, 'actor_l2_in': 256, 'actor_l3_in': 256, 'actor_l4_in': 128, 'critic_l2_in': 64, 'critic_l3_in': 256, 'critic_l4_in': 256, 'actor_lr': 0.0004}. Best is trial 2 with value: 0.791756.
[I 2023-08-09 12:28:30,225] Trial 20 finished with value: 0.783948 and parameters: {'alpha': 2, 'beta': 2.0, 'l1_in': 64, 'actor_l2_in': 192, 'actor_l3_in': 256, 'actor_l4_in': 128, 'critic_l2_in': 64, 'critic_l3_in': 256, 'critic_l4_in': 256, 'actor_lr': 0.0008}. Best is trial 2 with value: 0.791756.
[I 2023-08-09 12:30:19,496] Trial 21 finished with value: 0.6863699999999999 and parameters: {'alpha': 2, 'beta': 2.0, 'l1_in': 64, 'actor_l2_in': 192, 'actor_l3_in': 256, 'actor_l4_in': 128, 'critic_l2_in': 64, 'critic_l3_in': 256, 'critic_l4_in': 256, 'actor_lr': 0.0008}. Best is trial 2 with value: 0.791756.
[I 2023-08-09 12:32:09,785] Trial 22 finished with value: 0.714456 and parameters: {'alpha': 2, 'beta': 2.0, 'l1_in': 64, 'actor_l2_in': 192, 'actor_l3_in': 256, 'actor_l4_in': 128, 'critic_l2_in': 64, 'critic_l3_in': 256, 'critic_l4_in': 256, 'actor_lr': 0.0008}. Best is trial 2 with value: 0.791756.
[I 2023-08-09 12:34:00,756] Trial 23 finished with value: 0.720944 and parameters: {'alpha': 2, 'beta': 2.0, 'l1_in': 64, 'actor_l2_in': 192, 'actor_l3_in': 256, 'actor_l4_in': 128, 'critic_l2_in': 64, 'critic_l3_in': 256, 'critic_l4_in': 256, 'actor_lr': 0.0006}. Best is trial 2 with value: 0.791756.
[I 2023-08-09 12:35:42,719] Trial 24 finished with value: 0.606964 and parameters: {'alpha': 2, 'beta': 2.0, 'l1_in': 64, 'actor_l2_in': 192, 'actor_l3_in': 256, 'actor_l4_in': 128, 'critic_l2_in': 128, 'critic_l3_in': 64, 'critic_l4_in': 64, 'actor_lr': 0.0007}. Best is trial 2 with value: 0.791756.
[I 2023-08-09 12:37:35,792] Trial 25 finished with value: 0.7155879999999999 and parameters: {'alpha': 4, 'beta': 2.0, 'l1_in': 64, 'actor_l2_in': 256, 'actor_l3_in': 256, 'actor_l4_in': 128, 'critic_l2_in': 64, 'critic_l3_in': 256, 'critic_l4_in': 256, 'actor_lr': 0.0008}. Best is trial 2 with value: 0.791756.
[I 2023-08-09 12:39:51,181] Trial 26 finished with value: 0.7969999999999999 and parameters: {'alpha': 2, 'beta': 2.0, 'l1_in': 192, 'actor_l2_in': 192, 'actor_l3_in': 192, 'actor_l4_in': 192, 'critic_l2_in': 64, 'critic_l3_in': 256, 'critic_l4_in': 256, 'actor_lr': 0.0001}. Best is trial 26 with value: 0.7969999999999999.
[I 2023-08-09 12:41:39,712] Trial 27 finished with value: 0.6399320000000001 and parameters: {'alpha': 6, 'beta': 3.0, 'l1_in': 192, 'actor_l2_in': 128, 'actor_l3_in': 192, 'actor_l4_in': 192, 'critic_l2_in': 64, 'critic_l3_in': 256, 'critic_l4_in': 256, 'actor_lr': 0.0001}. Best is trial 26 with value: 0.7969999999999999.
[I 2023-08-09 12:43:35,018] Trial 28 finished with value: 0.5483180000000001 and parameters: {'alpha': 4, 'beta': 2.0, 'l1_in': 192, 'actor_l2_in': 256, 'actor_l3_in': 192, 'actor_l4_in': 192, 'critic_l2_in': 64, 'critic_l3_in': 256, 'critic_l4_in': 256, 'actor_lr': 0.0001}. Best is trial 26 with value: 0.7969999999999999.
[I 2023-08-09 12:45:17,414] Trial 29 finished with value: 0.6729100000000001 and parameters: {'alpha': 2, 'beta': 1.5, 'l1_in': 256, 'actor_l2_in': 128, 'actor_l3_in': 192, 'actor_l4_in': 192, 'critic_l2_in': 128, 'critic_l3_in': 64, 'critic_l4_in': 128, 'actor_lr': 0.0002}. Best is trial 26 with value: 0.7969999999999999.
[I 2023-08-09 12:47:09,629] Trial 30 finished with value: 0.763784 and parameters: {'alpha': 2, 'beta': 3.0, 'l1_in': 192, 'actor_l2_in': 192, 'actor_l3_in': 192, 'actor_l4_in': 192, 'critic_l2_in': 192, 'critic_l3_in': 128, 'critic_l4_in': 64, 'actor_lr': 0.0001}. Best is trial 26 with value: 0.7969999999999999.
[I 2023-08-09 12:49:03,712] Trial 31 finished with value: 0.7410979999999999 and parameters: {'alpha': 2, 'beta': 2.0, 'l1_in': 192, 'actor_l2_in': 192, 'actor_l3_in': 192, 'actor_l4_in': 256, 'critic_l2_in': 64, 'critic_l3_in': 256, 'critic_l4_in': 256, 'actor_lr': 0.0001}. Best is trial 26 with value: 0.7969999999999999.
[I 2023-08-09 12:50:49,024] Trial 32 finished with value: 0.59185 and parameters: {'alpha': 2, 'beta': 2.0, 'l1_in': 128, 'actor_l2_in': 192, 'actor_l3_in': 64, 'actor_l4_in': 64, 'critic_l2_in': 64, 'critic_l3_in': 256, 'critic_l4_in': 256, 'actor_lr': 0.0005}. Best is trial 26 with value: 0.7969999999999999.
[I 2023-08-09 12:52:41,053] Trial 33 finished with value: 0.5164599999999999 and parameters: {'alpha': 6, 'beta': 2.0, 'l1_in': 256, 'actor_l2_in': 192, 'actor_l3_in': 128, 'actor_l4_in': 128, 'critic_l2_in': 64, 'critic_l3_in': 256, 'critic_l4_in': 256, 'actor_lr': 0.0008}. Best is trial 26 with value: 0.7969999999999999.
[I 2023-08-09 12:54:25,511] Trial 34 finished with value: 0.737352 and parameters: {'alpha': 2, 'beta': 2.0, 'l1_in': 192, 'actor_l2_in': 64, 'actor_l3_in': 64, 'actor_l4_in': 64, 'critic_l2_in': 64, 'critic_l3_in': 256, 'critic_l4_in': 256, 'actor_lr': 0.0003}. Best is trial 26 with value: 0.7969999999999999.
[I 2023-08-09 12:56:15,862] Trial 35 finished with value: 0.7826139999999999 and parameters: {'alpha': 2, 'beta': 2.5, 'l1_in': 128, 'actor_l2_in': 192, 'actor_l3_in': 192, 'actor_l4_in': 192, 'critic_l2_in': 64, 'critic_l3_in': 256, 'critic_l4_in': 256, 'actor_lr': 0.0001}. Best is trial 26 with value: 0.7969999999999999.
[I 2023-08-09 12:58:00,819] Trial 36 finished with value: 0.724232 and parameters: {'alpha': 6, 'beta': 1.5, 'l1_in': 64, 'actor_l2_in': 64, 'actor_l3_in': 256, 'actor_l4_in': 128, 'critic_l2_in': 192, 'critic_l3_in': 128, 'critic_l4_in': 128, 'actor_lr': 0.0002}. Best is trial 26 with value: 0.7969999999999999.
[I 2023-08-09 13:00:04,489] Trial 37 finished with value: 0.596526 and parameters: {'alpha': 4, 'beta': 2.0, 'l1_in': 256, 'actor_l2_in': 256, 'actor_l3_in': 256, 'actor_l4_in': 256, 'critic_l2_in': 64, 'critic_l3_in': 256, 'critic_l4_in': 256, 'actor_lr': 0.0006}. Best is trial 26 with value: 0.7969999999999999.
[I 2023-08-09 13:01:55,076] Trial 38 finished with value: 0.5918699999999999 and parameters: {'alpha': 2, 'beta': 2.5, 'l1_in': 192, 'actor_l2_in': 192, 'actor_l3_in': 64, 'actor_l4_in': 64, 'critic_l2_in': 128, 'critic_l3_in': 256, 'critic_l4_in': 256, 'actor_lr': 0.0007}. Best is trial 26 with value: 0.7969999999999999.
[I 2023-08-09 13:03:39,452] Trial 39 finished with value: 0.7142299999999999 and parameters: {'alpha': 8, 'beta': 1.5, 'l1_in': 128, 'actor_l2_in': 192, 'actor_l3_in': 192, 'actor_l4_in': 192, 'critic_l2_in': 64, 'critic_l3_in': 128, 'critic_l4_in': 64, 'actor_lr': 0.0008}. Best is trial 26 with value: 0.7969999999999999.
[I 2023-08-09 13:05:25,218] Trial 40 finished with value: 0.6233739999999999 and parameters: {'alpha': 10, 'beta': 3.0, 'l1_in': 64, 'actor_l2_in': 64, 'actor_l3_in': 256, 'actor_l4_in': 128, 'critic_l2_in': 192, 'critic_l3_in': 64, 'critic_l4_in': 128, 'actor_lr': 0.0005}. Best is trial 26 with value: 0.7969999999999999.
[I 2023-08-09 13:07:12,980] Trial 41 finished with value: 0.7884220000000001 and parameters: {'alpha': 2, 'beta': 2.5, 'l1_in': 128, 'actor_l2_in': 192, 'actor_l3_in': 192, 'actor_l4_in': 192, 'critic_l2_in': 64, 'critic_l3_in': 256, 'critic_l4_in': 256, 'actor_lr': 0.0001}. Best is trial 26 with value: 0.7969999999999999.
[I 2023-08-09 13:09:02,041] Trial 42 finished with value: 0.794952 and parameters: {'alpha': 2, 'beta': 2.5, 'l1_in': 128, 'actor_l2_in': 192, 'actor_l3_in': 192, 'actor_l4_in': 192, 'critic_l2_in': 64, 'critic_l3_in': 256, 'critic_l4_in': 256, 'actor_lr': 0.0001}. Best is trial 26 with value: 0.7969999999999999.
[I 2023-08-09 13:10:51,778] Trial 43 finished with value: 0.795136 and parameters: {'alpha': 2, 'beta': 2.5, 'l1_in': 128, 'actor_l2_in': 192, 'actor_l3_in': 192, 'actor_l4_in': 192, 'critic_l2_in': 64, 'critic_l3_in': 256, 'critic_l4_in': 256, 'actor_lr': 0.0001}. Best is trial 26 with value: 0.7969999999999999.
[I 2023-08-09 13:12:40,898] Trial 44 finished with value: 0.794488 and parameters: {'alpha': 2, 'beta': 2.5, 'l1_in': 128, 'actor_l2_in': 192, 'actor_l3_in': 192, 'actor_l4_in': 192, 'critic_l2_in': 64, 'critic_l3_in': 256, 'critic_l4_in': 256, 'actor_lr': 0.0001}. Best is trial 26 with value: 0.7969999999999999.
[I 2023-08-09 13:14:30,570] Trial 45 finished with value: 0.7736099999999999 and parameters: {'alpha': 2, 'beta': 2.5, 'l1_in': 128, 'actor_l2_in': 192, 'actor_l3_in': 192, 'actor_l4_in': 192, 'critic_l2_in': 64, 'critic_l3_in': 256, 'critic_l4_in': 256, 'actor_lr': 0.0001}. Best is trial 26 with value: 0.7969999999999999.
[I 2023-08-09 13:16:27,051] Trial 46 finished with value: 0.7789219999999999 and parameters: {'alpha': 2, 'beta': 2.5, 'l1_in': 128, 'actor_l2_in': 192, 'actor_l3_in': 192, 'actor_l4_in': 192, 'critic_l2_in': 256, 'critic_l3_in': 256, 'critic_l4_in': 256, 'actor_lr': 0.0001}. Best is trial 26 with value: 0.7969999999999999.
[I 2023-08-09 13:18:15,603] Trial 47 finished with value: 0.761294 and parameters: {'alpha': 2, 'beta': 2.5, 'l1_in': 128, 'actor_l2_in': 192, 'actor_l3_in': 192, 'actor_l4_in': 192, 'critic_l2_in': 64, 'critic_l3_in': 192, 'critic_l4_in': 256, 'actor_lr': 0.0004}. Best is trial 26 with value: 0.7969999999999999.
[I 2023-08-09 13:20:02,684] Trial 48 finished with value: 0.7950519999999999 and parameters: {'alpha': 2, 'beta': 2.5, 'l1_in': 128, 'actor_l2_in': 192, 'actor_l3_in': 192, 'actor_l4_in': 192, 'critic_l2_in': 64, 'critic_l3_in': 256, 'critic_l4_in': 192, 'actor_lr': 0.0001}. Best is trial 26 with value: 0.7969999999999999.
[I 2023-08-09 13:21:50,868] Trial 49 finished with value: 0.8082339999999999 and parameters: {'alpha': 2, 'beta': 2.5, 'l1_in': 128, 'actor_l2_in': 192, 'actor_l3_in': 192, 'actor_l4_in': 192, 'critic_l2_in': 64, 'critic_l3_in': 256, 'critic_l4_in': 192, 'actor_lr': 0.0001}. Best is trial 49 with value: 0.8082339999999999.
[I 2023-08-09 13:23:36,851] Trial 50 finished with value: 0.592034 and parameters: {'alpha': 8, 'beta': 2.5, 'l1_in': 128, 'actor_l2_in': 192, 'actor_l3_in': 192, 'actor_l4_in': 192, 'critic_l2_in': 192, 'critic_l3_in': 64, 'critic_l4_in': 192, 'actor_lr': 0.0009}. Best is trial 49 with value: 0.8082339999999999.
[I 2023-08-09 13:25:24,826] Trial 51 finished with value: 0.78967 and parameters: {'alpha': 2, 'beta': 2.5, 'l1_in': 128, 'actor_l2_in': 192, 'actor_l3_in': 192, 'actor_l4_in': 192, 'critic_l2_in': 64, 'critic_l3_in': 256, 'critic_l4_in': 192, 'actor_lr': 0.0001}. Best is trial 49 with value: 0.8082339999999999.
[I 2023-08-09 13:27:12,924] Trial 52 finished with value: 0.8056300000000001 and parameters: {'alpha': 2, 'beta': 2.5, 'l1_in': 128, 'actor_l2_in': 192, 'actor_l3_in': 192, 'actor_l4_in': 192, 'critic_l2_in': 64, 'critic_l3_in': 256, 'critic_l4_in': 192, 'actor_lr': 0.0001}. Best is trial 49 with value: 0.8082339999999999.
[I 2023-08-09 13:28:59,124] Trial 53 finished with value: 0.7899339999999999 and parameters: {'alpha': 2, 'beta': 2.5, 'l1_in': 128, 'actor_l2_in': 192, 'actor_l3_in': 192, 'actor_l4_in': 192, 'critic_l2_in': 64, 'critic_l3_in': 256, 'critic_l4_in': 192, 'actor_lr': 0.0001}. Best is trial 49 with value: 0.8082339999999999.
[I 2023-08-09 13:30:47,172] Trial 54 finished with value: 0.813016 and parameters: {'alpha': 2, 'beta': 2.5, 'l1_in': 128, 'actor_l2_in': 192, 'actor_l3_in': 192, 'actor_l4_in': 192, 'critic_l2_in': 64, 'critic_l3_in': 256, 'critic_l4_in': 192, 'actor_lr': 0.0001}. Best is trial 54 with value: 0.813016.
[I 2023-08-09 13:32:41,882] Trial 55 finished with value: 0.791556 and parameters: {'alpha': 2, 'beta': 2.5, 'l1_in': 128, 'actor_l2_in': 192, 'actor_l3_in': 192, 'actor_l4_in': 192, 'critic_l2_in': 256, 'critic_l3_in': 256, 'critic_l4_in': 192, 'actor_lr': 0.0001}. Best is trial 54 with value: 0.813016.
[I 2023-08-09 13:34:30,478] Trial 56 finished with value: 0.548304 and parameters: {'alpha': 10, 'beta': 2.5, 'l1_in': 128, 'actor_l2_in': 192, 'actor_l3_in': 192, 'actor_l4_in': 192, 'critic_l2_in': 64, 'critic_l3_in': 192, 'critic_l4_in': 192, 'actor_lr': 0.0001}. Best is trial 54 with value: 0.813016.
[I 2023-08-09 13:36:16,198] Trial 57 finished with value: 0.6518539999999999 and parameters: {'alpha': 2, 'beta': 2.5, 'l1_in': 128, 'actor_l2_in': 128, 'actor_l3_in': 192, 'actor_l4_in': 192, 'critic_l2_in': 64, 'critic_l3_in': 256, 'critic_l4_in': 192, 'actor_lr': 0.0003}. Best is trial 54 with value: 0.813016.
[I 2023-08-09 13:38:00,810] Trial 58 finished with value: 0.778102 and parameters: {'alpha': 2, 'beta': 2.5, 'l1_in': 128, 'actor_l2_in': 192, 'actor_l3_in': 128, 'actor_l4_in': 192, 'critic_l2_in': 128, 'critic_l3_in': 128, 'critic_l4_in': 192, 'actor_lr': 0.0001}. Best is trial 54 with value: 0.813016.
[I 2023-08-09 13:39:52,283] Trial 59 finished with value: 0.696464 and parameters: {'alpha': 2, 'beta': 2.5, 'l1_in': 128, 'actor_l2_in': 192, 'actor_l3_in': 192, 'actor_l4_in': 256, 'critic_l2_in': 64, 'critic_l3_in': 256, 'critic_l4_in': 192, 'actor_lr': 0.0006}. Best is trial 54 with value: 0.813016.
[I 2023-08-09 13:41:40,166] Trial 60 finished with value: 0.727488 and parameters: {'alpha': 6, 'beta': 2.5, 'l1_in': 128, 'actor_l2_in': 192, 'actor_l3_in': 192, 'actor_l4_in': 192, 'critic_l2_in': 64, 'critic_l3_in': 256, 'critic_l4_in': 192, 'actor_lr': 0.0001}. Best is trial 54 with value: 0.813016.
[I 2023-08-09 13:43:27,675] Trial 61 finished with value: 0.777448 and parameters: {'alpha': 2, 'beta': 2.5, 'l1_in': 128, 'actor_l2_in': 192, 'actor_l3_in': 192, 'actor_l4_in': 192, 'critic_l2_in': 64, 'critic_l3_in': 256, 'critic_l4_in': 192, 'actor_lr': 0.0001}. Best is trial 54 with value: 0.813016.
[I 2023-08-09 13:45:16,879] Trial 62 finished with value: 0.797814 and parameters: {'alpha': 2, 'beta': 2.5, 'l1_in': 128, 'actor_l2_in': 192, 'actor_l3_in': 192, 'actor_l4_in': 192, 'critic_l2_in': 64, 'critic_l3_in': 256, 'critic_l4_in': 192, 'actor_lr': 0.0001}. Best is trial 54 with value: 0.813016.
[I 2023-08-09 13:47:04,316] Trial 63 finished with value: 0.7727320000000001 and parameters: {'alpha': 2, 'beta': 2.5, 'l1_in': 128, 'actor_l2_in': 192, 'actor_l3_in': 192, 'actor_l4_in': 192, 'critic_l2_in': 64, 'critic_l3_in': 256, 'critic_l4_in': 192, 'actor_lr': 0.0001}. Best is trial 54 with value: 0.813016.
[I 2023-08-09 13:48:51,518] Trial 64 finished with value: 0.667346 and parameters: {'alpha': 2, 'beta': 2.5, 'l1_in': 128, 'actor_l2_in': 192, 'actor_l3_in': 192, 'actor_l4_in': 192, 'critic_l2_in': 64, 'critic_l3_in': 256, 'critic_l4_in': 192, 'actor_lr': 0.0004}. Best is trial 54 with value: 0.813016.
[I 2023-08-09 13:50:39,817] Trial 65 finished with value: 0.6527779999999999 and parameters: {'alpha': 2, 'beta': 2.5, 'l1_in': 128, 'actor_l2_in': 192, 'actor_l3_in': 192, 'actor_l4_in': 192, 'critic_l2_in': 64, 'critic_l3_in': 256, 'critic_l4_in': 192, 'actor_lr': 0.0007}. Best is trial 54 with value: 0.813016.
[I 2023-08-09 13:52:26,384] Trial 66 finished with value: 0.625784 and parameters: {'alpha': 8, 'beta': 2.5, 'l1_in': 192, 'actor_l2_in': 128, 'actor_l3_in': 192, 'actor_l4_in': 192, 'critic_l2_in': 64, 'critic_l3_in': 256, 'critic_l4_in': 192, 'actor_lr': 0.0009}. Best is trial 54 with value: 0.813016.
[I 2023-08-09 13:54:20,293] Trial 67 finished with value: 0.7926020000000001 and parameters: {'alpha': 2, 'beta': 2.5, 'l1_in': 128, 'actor_l2_in': 192, 'actor_l3_in': 192, 'actor_l4_in': 192, 'critic_l2_in': 256, 'critic_l3_in': 256, 'critic_l4_in': 192, 'actor_lr': 0.0001}. Best is trial 54 with value: 0.813016.
[I 2023-08-09 13:56:02,726] Trial 68 finished with value: 0.49272400000000005 and parameters: {'alpha': 10, 'beta': 2.5, 'l1_in': 256, 'actor_l2_in': 64, 'actor_l3_in': 128, 'actor_l4_in': 64, 'critic_l2_in': 64, 'critic_l3_in': 192, 'critic_l4_in': 192, 'actor_lr': 0.0002}. Best is trial 54 with value: 0.813016.
