[I 2023-08-09 13:57:47,721] Trial 69 finished with value: 0.80342 and parameters: {'alpha': 2, 'beta': 1.5, 'l1_in': 128, 'actor_l2_in': 192, 'actor_l3_in': 64, 'actor_l4_in': 192, 'critic_l2_in': 64, 'critic_l3_in': 64, 'critic_l4_in': 192, 'actor_lr': 0.0001}. Best is trial 54 with value: 0.813016.
[I 2023-08-09 13:59:32,461] Trial 70 finished with value: 0.564336 and parameters: {'alpha': 2, 'beta': 1.5, 'l1_in': 192, 'actor_l2_in': 192, 'actor_l3_in': 64, 'actor_l4_in': 256, 'critic_l2_in': 128, 'critic_l3_in': 64, 'critic_l4_in': 64, 'actor_lr': 0.0005}. Best is trial 54 with value: 0.813016.
[I 2023-08-09 14:01:17,612] Trial 71 finished with value: 0.79355 and parameters: {'alpha': 2, 'beta': 1.5, 'l1_in': 128, 'actor_l2_in': 192, 'actor_l3_in': 64, 'actor_l4_in': 192, 'critic_l2_in': 64, 'critic_l3_in': 64, 'critic_l4_in': 192, 'actor_lr': 0.0001}. Best is trial 54 with value: 0.813016.
[I 2023-08-09 14:03:02,102] Trial 72 finished with value: 0.8016220000000001 and parameters: {'alpha': 2, 'beta': 1.5, 'l1_in': 128, 'actor_l2_in': 192, 'actor_l3_in': 64, 'actor_l4_in': 192, 'critic_l2_in': 64, 'critic_l3_in': 64, 'critic_l4_in': 192, 'actor_lr': 0.0001}. Best is trial 54 with value: 0.813016.
[I 2023-08-09 14:04:47,293] Trial 73 finished with value: 0.7954019999999999 and parameters: {'alpha': 2, 'beta': 1.5, 'l1_in': 128, 'actor_l2_in': 192, 'actor_l3_in': 64, 'actor_l4_in': 192, 'critic_l2_in': 64, 'critic_l3_in': 64, 'critic_l4_in': 192, 'actor_lr': 0.0001}. Best is trial 54 with value: 0.813016.
[I 2023-08-09 14:06:33,831] Trial 74 finished with value: 0.7871779999999999 and parameters: {'alpha': 2, 'beta': 1.5, 'l1_in': 128, 'actor_l2_in': 192, 'actor_l3_in': 64, 'actor_l4_in': 192, 'critic_l2_in': 64, 'critic_l3_in': 64, 'critic_l4_in': 192, 'actor_lr': 0.0001}. Best is trial 54 with value: 0.813016.
[I 2023-08-09 14:08:19,156] Trial 75 finished with value: 0.7793559999999999 and parameters: {'alpha': 2, 'beta': 1.5, 'l1_in': 128, 'actor_l2_in': 192, 'actor_l3_in': 64, 'actor_l4_in': 192, 'critic_l2_in': 64, 'critic_l3_in': 64, 'critic_l4_in': 192, 'actor_lr': 0.0001}. Best is trial 54 with value: 0.813016.
[I 2023-08-09 14:10:00,667] Trial 76 finished with value: 0.519592 and parameters: {'alpha': 6, 'beta': 1.5, 'l1_in': 192, 'actor_l2_in': 192, 'actor_l3_in': 64, 'actor_l4_in': 192, 'critic_l2_in': 64, 'critic_l3_in': 64, 'critic_l4_in': 192, 'actor_lr': 0.0001}. Best is trial 54 with value: 0.813016.
[I 2023-08-09 14:11:46,531] Trial 77 finished with value: 0.753806 and parameters: {'alpha': 2, 'beta': 1.5, 'l1_in': 128, 'actor_l2_in': 192, 'actor_l3_in': 64, 'actor_l4_in': 192, 'critic_l2_in': 64, 'critic_l3_in': 64, 'critic_l4_in': 192, 'actor_lr': 0.0003}. Best is trial 54 with value: 0.813016.
[I 2023-08-09 14:13:30,519] Trial 78 finished with value: 0.7828839999999999 and parameters: {'alpha': 2, 'beta': 1.5, 'l1_in': 256, 'actor_l2_in': 128, 'actor_l3_in': 64, 'actor_l4_in': 192, 'critic_l2_in': 192, 'critic_l3_in': 64, 'critic_l4_in': 128, 'actor_lr': 0.0001}. Best is trial 54 with value: 0.813016.
[I 2023-08-09 14:15:13,597] Trial 79 finished with value: 0.55291 and parameters: {'alpha': 2, 'beta': 1.5, 'l1_in': 128, 'actor_l2_in': 192, 'actor_l3_in': 64, 'actor_l4_in': 64, 'critic_l2_in': 64, 'critic_l3_in': 64, 'critic_l4_in': 192, 'actor_lr': 0.0006}. Best is trial 54 with value: 0.813016.
[I 2023-08-09 14:17:01,293] Trial 80 finished with value: 0.5499219999999999 and parameters: {'alpha': 8, 'beta': 1.5, 'l1_in': 128, 'actor_l2_in': 64, 'actor_l3_in': 64, 'actor_l4_in': 192, 'critic_l2_in': 64, 'critic_l3_in': 64, 'critic_l4_in': 192, 'actor_lr': 0.0001}. Best is trial 54 with value: 0.813016.
[I 2023-08-09 14:18:47,835] Trial 81 finished with value: 0.771744 and parameters: {'alpha': 2, 'beta': 1.5, 'l1_in': 128, 'actor_l2_in': 192, 'actor_l3_in': 64, 'actor_l4_in': 192, 'critic_l2_in': 64, 'critic_l3_in': 64, 'critic_l4_in': 192, 'actor_lr': 0.0001}. Best is trial 54 with value: 0.813016.
[I 2023-08-09 14:20:32,570] Trial 82 finished with value: 0.7984859999999999 and parameters: {'alpha': 2, 'beta': 1.5, 'l1_in': 128, 'actor_l2_in': 192, 'actor_l3_in': 64, 'actor_l4_in': 192, 'critic_l2_in': 64, 'critic_l3_in': 64, 'critic_l4_in': 192, 'actor_lr': 0.0001}. Best is trial 54 with value: 0.813016.
[I 2023-08-09 14:22:17,552] Trial 83 finished with value: 0.7815380000000001 and parameters: {'alpha': 2, 'beta': 1.5, 'l1_in': 128, 'actor_l2_in': 192, 'actor_l3_in': 64, 'actor_l4_in': 192, 'critic_l2_in': 64, 'critic_l3_in': 64, 'critic_l4_in': 192, 'actor_lr': 0.0001}. Best is trial 54 with value: 0.813016.
[I 2023-08-09 14:24:02,483] Trial 84 finished with value: 0.795518 and parameters: {'alpha': 2, 'beta': 1.5, 'l1_in': 128, 'actor_l2_in': 192, 'actor_l3_in': 64, 'actor_l4_in': 192, 'critic_l2_in': 64, 'critic_l3_in': 64, 'critic_l4_in': 192, 'actor_lr': 0.0001}. Best is trial 54 with value: 0.813016.
[I 2023-08-09 14:25:45,693] Trial 85 finished with value: 0.49893600000000005 and parameters: {'alpha': 2, 'beta': 1.5, 'l1_in': 192, 'actor_l2_in': 192, 'actor_l3_in': 64, 'actor_l4_in': 192, 'critic_l2_in': 64, 'critic_l3_in': 64, 'critic_l4_in': 192, 'actor_lr': 0.0007}. Best is trial 54 with value: 0.813016.
[I 2023-08-09 14:27:29,923] Trial 86 finished with value: 0.546292 and parameters: {'alpha': 4, 'beta': 1.5, 'l1_in': 128, 'actor_l2_in': 192, 'actor_l3_in': 64, 'actor_l4_in': 192, 'critic_l2_in': 64, 'critic_l3_in': 64, 'critic_l4_in': 64, 'actor_lr': 0.0002}. Best is trial 54 with value: 0.813016.
[I 2023-08-09 14:29:14,711] Trial 87 finished with value: 0.7800279999999999 and parameters: {'alpha': 2, 'beta': 1.5, 'l1_in': 128, 'actor_l2_in': 192, 'actor_l3_in': 64, 'actor_l4_in': 256, 'critic_l2_in': 256, 'critic_l3_in': 128, 'critic_l4_in': 192, 'actor_lr': 0.0001}. Best is trial 54 with value: 0.813016.
[I 2023-08-09 14:30:59,473] Trial 88 finished with value: 0.658048 and parameters: {'alpha': 10, 'beta': 3.0, 'l1_in': 128, 'actor_l2_in': 192, 'actor_l3_in': 128, 'actor_l4_in': 192, 'critic_l2_in': 64, 'critic_l3_in': 64, 'critic_l4_in': 192, 'actor_lr': 0.0004}. Best is trial 54 with value: 0.813016.
[I 2023-08-09 14:32:45,061] Trial 89 finished with value: 0.7819339999999999 and parameters: {'alpha': 2, 'beta': 1.5, 'l1_in': 128, 'actor_l2_in': 192, 'actor_l3_in': 64, 'actor_l4_in': 192, 'critic_l2_in': 128, 'critic_l3_in': 64, 'critic_l4_in': 128, 'actor_lr': 0.0001}. Best is trial 54 with value: 0.813016.
[I 2023-08-09 14:34:26,403] Trial 90 finished with value: 0.547204 and parameters: {'alpha': 2, 'beta': 1.5, 'l1_in': 192, 'actor_l2_in': 192, 'actor_l3_in': 64, 'actor_l4_in': 192, 'critic_l2_in': 64, 'critic_l3_in': 64, 'critic_l4_in': 192, 'actor_lr': 0.0005}. Best is trial 54 with value: 0.813016.
[I 2023-08-09 14:36:11,812] Trial 91 finished with value: 0.7719699999999999 and parameters: {'alpha': 2, 'beta': 1.5, 'l1_in': 128, 'actor_l2_in': 192, 'actor_l3_in': 64, 'actor_l4_in': 192, 'critic_l2_in': 64, 'critic_l3_in': 64, 'critic_l4_in': 192, 'actor_lr': 0.0001}. Best is trial 54 with value: 0.813016.
[I 2023-08-09 14:37:56,838] Trial 92 finished with value: 0.781524 and parameters: {'alpha': 2, 'beta': 1.5, 'l1_in': 128, 'actor_l2_in': 192, 'actor_l3_in': 64, 'actor_l4_in': 192, 'critic_l2_in': 64, 'critic_l3_in': 64, 'critic_l4_in': 192, 'actor_lr': 0.0001}. Best is trial 54 with value: 0.813016.
[I 2023-08-09 14:39:41,769] Trial 93 finished with value: 0.7798539999999999 and parameters: {'alpha': 2, 'beta': 1.5, 'l1_in': 128, 'actor_l2_in': 192, 'actor_l3_in': 64, 'actor_l4_in': 192, 'critic_l2_in': 64, 'critic_l3_in': 64, 'critic_l4_in': 192, 'actor_lr': 0.0001}. Best is trial 54 with value: 0.813016.
[I 2023-08-09 14:41:27,928] Trial 94 finished with value: 0.789706 and parameters: {'alpha': 2, 'beta': 1.5, 'l1_in': 128, 'actor_l2_in': 192, 'actor_l3_in': 64, 'actor_l4_in': 192, 'critic_l2_in': 64, 'critic_l3_in': 64, 'critic_l4_in': 192, 'actor_lr': 0.0001}. Best is trial 54 with value: 0.813016.
[I 2023-08-09 14:43:15,323] Trial 95 finished with value: 0.630894 and parameters: {'alpha': 2, 'beta': 2.0, 'l1_in': 128, 'actor_l2_in': 256, 'actor_l3_in': 64, 'actor_l4_in': 192, 'critic_l2_in': 192, 'critic_l3_in': 192, 'critic_l4_in': 192, 'actor_lr': 0.0009}. Best is trial 54 with value: 0.813016.
[I 2023-08-09 14:45:02,241] Trial 96 finished with value: 0.7624359999999999 and parameters: {'alpha': 2, 'beta': 1.5, 'l1_in': 128, 'actor_l2_in': 192, 'actor_l3_in': 192, 'actor_l4_in': 192, 'critic_l2_in': 64, 'critic_l3_in': 64, 'critic_l4_in': 192, 'actor_lr': 0.0001}. Best is trial 54 with value: 0.813016.
[I 2023-08-09 14:46:46,667] Trial 97 finished with value: 0.499594 and parameters: {'alpha': 6, 'beta': 3.0, 'l1_in': 256, 'actor_l2_in': 192, 'actor_l3_in': 64, 'actor_l4_in': 192, 'critic_l2_in': 64, 'critic_l3_in': 128, 'critic_l4_in': 192, 'actor_lr': 0.0001}. Best is trial 54 with value: 0.813016.
[I 2023-08-09 14:48:26,296] Trial 98 finished with value: 0.7905479999999999 and parameters: {'alpha': 2, 'beta': 1.5, 'l1_in': 128, 'actor_l2_in': 64, 'actor_l3_in': 192, 'actor_l4_in': 192, 'critic_l2_in': 64, 'critic_l3_in': 64, 'critic_l4_in': 192, 'actor_lr': 0.0001}. Best is trial 54 with value: 0.813016.
[I 2023-08-09 14:50:09,149] Trial 99 finished with value: 0.7348939999999999 and parameters: {'alpha': 2, 'beta': 2.0, 'l1_in': 128, 'actor_l2_in': 192, 'actor_l3_in': 192, 'actor_l4_in': 64, 'critic_l2_in': 64, 'critic_l3_in': 256, 'critic_l4_in': 64, 'actor_lr': 0.0008}. Best is trial 54 with value: 0.813016.
[I 2023-08-09 14:51:52,933] Trial 100 finished with value: 0.788848 and parameters: {'alpha': 2, 'beta': 1.5, 'l1_in': 128, 'actor_l2_in': 128, 'actor_l3_in': 128, 'actor_l4_in': 192, 'critic_l2_in': 64, 'critic_l3_in': 256, 'critic_l4_in': 192, 'actor_lr': 0.0001}. Best is trial 54 with value: 0.813016.
[I 2023-08-09 14:53:41,033] Trial 101 finished with value: 0.783574 and parameters: {'alpha': 2, 'beta': 2.5, 'l1_in': 128, 'actor_l2_in': 192, 'actor_l3_in': 192, 'actor_l4_in': 192, 'critic_l2_in': 64, 'critic_l3_in': 256, 'critic_l4_in': 192, 'actor_lr': 0.0001}. Best is trial 54 with value: 0.813016.
[I 2023-08-09 14:55:27,476] Trial 102 finished with value: 0.814058 and parameters: {'alpha': 2, 'beta': 2.5, 'l1_in': 128, 'actor_l2_in': 192, 'actor_l3_in': 192, 'actor_l4_in': 192, 'critic_l2_in': 64, 'critic_l3_in': 256, 'critic_l4_in': 128, 'actor_lr': 0.0001}. Best is trial 102 with value: 0.814058.
[I 2023-08-09 14:57:13,854] Trial 103 finished with value: 0.7980599999999999 and parameters: {'alpha': 2, 'beta': 2.5, 'l1_in': 128, 'actor_l2_in': 192, 'actor_l3_in': 192, 'actor_l4_in': 192, 'critic_l2_in': 64, 'critic_l3_in': 256, 'critic_l4_in': 128, 'actor_lr': 0.0001}. Best is trial 102 with value: 0.814058.
[I 2023-08-09 14:59:01,493] Trial 104 finished with value: 0.8011760000000001 and parameters: {'alpha': 2, 'beta': 2.5, 'l1_in': 128, 'actor_l2_in': 192, 'actor_l3_in': 192, 'actor_l4_in': 192, 'critic_l2_in': 64, 'critic_l3_in': 256, 'critic_l4_in': 128, 'actor_lr': 0.0001}. Best is trial 102 with value: 0.814058.
[I 2023-08-09 15:00:47,606] Trial 105 finished with value: 0.782216 and parameters: {'alpha': 2, 'beta': 2.5, 'l1_in': 128, 'actor_l2_in': 192, 'actor_l3_in': 192, 'actor_l4_in': 192, 'critic_l2_in': 64, 'critic_l3_in': 256, 'critic_l4_in': 128, 'actor_lr': 0.0001}. Best is trial 102 with value: 0.814058.
[I 2023-08-09 15:02:36,380] Trial 106 finished with value: 0.5974860000000001 and parameters: {'alpha': 4, 'beta': 2.5, 'l1_in': 192, 'actor_l2_in': 192, 'actor_l3_in': 192, 'actor_l4_in': 192, 'critic_l2_in': 64, 'critic_l3_in': 256, 'critic_l4_in': 128, 'actor_lr': 0.0003}. Best is trial 102 with value: 0.814058.
[I 2023-08-09 15:04:26,244] Trial 107 finished with value: 0.59088 and parameters: {'alpha': 8, 'beta': 2.5, 'l1_in': 128, 'actor_l2_in': 192, 'actor_l3_in': 192, 'actor_l4_in': 192, 'critic_l2_in': 256, 'critic_l3_in': 256, 'critic_l4_in': 128, 'actor_lr': 0.0001}. Best is trial 102 with value: 0.814058.
[I 2023-08-09 15:06:13,013] Trial 108 finished with value: 0.7781560000000001 and parameters: {'alpha': 2, 'beta': 2.5, 'l1_in': 128, 'actor_l2_in': 192, 'actor_l3_in': 192, 'actor_l4_in': 256, 'critic_l2_in': 64, 'critic_l3_in': 256, 'critic_l4_in': 128, 'actor_lr': 0.0001}. Best is trial 102 with value: 0.814058.
[I 2023-08-09 15:07:59,223] Trial 109 finished with value: 0.536068 and parameters: {'alpha': 2, 'beta': 2.5, 'l1_in': 128, 'actor_l2_in': 192, 'actor_l3_in': 192, 'actor_l4_in': 192, 'critic_l2_in': 128, 'critic_l3_in': 256, 'critic_l4_in': 128, 'actor_lr': 0.0006}. Best is trial 102 with value: 0.814058.
[I 2023-08-09 15:09:47,661] Trial 110 finished with value: 0.788744 and parameters: {'alpha': 2, 'beta': 2.5, 'l1_in': 128, 'actor_l2_in': 256, 'actor_l3_in': 192, 'actor_l4_in': 192, 'critic_l2_in': 64, 'critic_l3_in': 256, 'critic_l4_in': 128, 'actor_lr': 0.0001}. Best is trial 102 with value: 0.814058.
[I 2023-08-09 15:11:34,315] Trial 111 finished with value: 0.796782 and parameters: {'alpha': 2, 'beta': 2.5, 'l1_in': 128, 'actor_l2_in': 192, 'actor_l3_in': 192, 'actor_l4_in': 192, 'critic_l2_in': 64, 'critic_l3_in': 256, 'critic_l4_in': 128, 'actor_lr': 0.0001}. Best is trial 102 with value: 0.814058.
[I 2023-08-09 15:13:19,970] Trial 112 finished with value: 0.77542 and parameters: {'alpha': 2, 'beta': 2.5, 'l1_in': 128, 'actor_l2_in': 192, 'actor_l3_in': 192, 'actor_l4_in': 192, 'critic_l2_in': 64, 'critic_l3_in': 256, 'critic_l4_in': 128, 'actor_lr': 0.0001}. Best is trial 102 with value: 0.814058.
[I 2023-08-09 15:15:06,234] Trial 113 finished with value: 0.80109 and parameters: {'alpha': 2, 'beta': 2.5, 'l1_in': 128, 'actor_l2_in': 192, 'actor_l3_in': 192, 'actor_l4_in': 192, 'critic_l2_in': 64, 'critic_l3_in': 256, 'critic_l4_in': 128, 'actor_lr': 0.0001}. Best is trial 102 with value: 0.814058.
[I 2023-08-09 15:16:53,099] Trial 114 finished with value: 0.7960560000000001 and parameters: {'alpha': 2, 'beta': 2.5, 'l1_in': 128, 'actor_l2_in': 192, 'actor_l3_in': 192, 'actor_l4_in': 192, 'critic_l2_in': 64, 'critic_l3_in': 256, 'critic_l4_in': 128, 'actor_lr': 0.0001}. Best is trial 102 with value: 0.814058.
[I 2023-08-09 15:18:39,541] Trial 115 finished with value: 0.5392840000000001 and parameters: {'alpha': 10, 'beta': 2.5, 'l1_in': 128, 'actor_l2_in': 192, 'actor_l3_in': 192, 'actor_l4_in': 192, 'critic_l2_in': 64, 'critic_l3_in': 256, 'critic_l4_in': 128, 'actor_lr': 0.0002}. Best is trial 102 with value: 0.814058.
[I 2023-08-09 15:20:25,530] Trial 116 finished with value: 0.8058099999999999 and parameters: {'alpha': 2, 'beta': 2.5, 'l1_in': 128, 'actor_l2_in': 192, 'actor_l3_in': 192, 'actor_l4_in': 192, 'critic_l2_in': 64, 'critic_l3_in': 256, 'critic_l4_in': 128, 'actor_lr': 0.0001}. Best is trial 102 with value: 0.814058.
[I 2023-08-09 15:22:10,594] Trial 117 finished with value: 0.80123 and parameters: {'alpha': 2, 'beta': 2.5, 'l1_in': 128, 'actor_l2_in': 192, 'actor_l3_in': 192, 'actor_l4_in': 192, 'critic_l2_in': 64, 'critic_l3_in': 256, 'critic_l4_in': 128, 'actor_lr': 0.0007}. Best is trial 102 with value: 0.814058.
[I 2023-08-09 15:24:01,188] Trial 118 finished with value: 0.679072 and parameters: {'alpha': 2, 'beta': 2.5, 'l1_in': 128, 'actor_l2_in': 192, 'actor_l3_in': 192, 'actor_l4_in': 192, 'critic_l2_in': 192, 'critic_l3_in': 256, 'critic_l4_in': 128, 'actor_lr': 0.0007}. Best is trial 102 with value: 0.814058.
[I 2023-08-09 15:25:44,257] Trial 119 finished with value: 0.6969459999999998 and parameters: {'alpha': 2, 'beta': 2.5, 'l1_in': 128, 'actor_l2_in': 192, 'actor_l3_in': 192, 'actor_l4_in': 128, 'critic_l2_in': 64, 'critic_l3_in': 256, 'critic_l4_in': 128, 'actor_lr': 0.0007}. Best is trial 102 with value: 0.814058.
[I 2023-08-09 15:27:27,762] Trial 120 finished with value: 0.5669040000000001 and parameters: {'alpha': 6, 'beta': 2.5, 'l1_in': 128, 'actor_l2_in': 192, 'actor_l3_in': 192, 'actor_l4_in': 64, 'critic_l2_in': 64, 'critic_l3_in': 256, 'critic_l4_in': 128, 'actor_lr': 0.0007}. Best is trial 102 with value: 0.814058.
[I 2023-08-09 15:29:15,977] Trial 121 finished with value: 0.709308 and parameters: {'alpha': 2, 'beta': 2.5, 'l1_in': 128, 'actor_l2_in': 192, 'actor_l3_in': 192, 'actor_l4_in': 192, 'critic_l2_in': 64, 'critic_l3_in': 256, 'critic_l4_in': 128, 'actor_lr': 0.0007}. Best is trial 102 with value: 0.814058.
[I 2023-08-09 15:31:01,442] Trial 122 finished with value: 0.580816 and parameters: {'alpha': 2, 'beta': 2.5, 'l1_in': 128, 'actor_l2_in': 192, 'actor_l3_in': 192, 'actor_l4_in': 192, 'critic_l2_in': 64, 'critic_l3_in': 256, 'critic_l4_in': 128, 'actor_lr': 0.0004}. Best is trial 102 with value: 0.814058.
[I 2023-08-09 15:32:50,225] Trial 123 finished with value: 0.786754 and parameters: {'alpha': 2, 'beta': 2.5, 'l1_in': 128, 'actor_l2_in': 192, 'actor_l3_in': 192, 'actor_l4_in': 192, 'critic_l2_in': 64, 'critic_l3_in': 256, 'critic_l4_in': 128, 'actor_lr': 0.0001}. Best is trial 102 with value: 0.814058.
[I 2023-08-09 15:34:37,790] Trial 124 finished with value: 0.741448 and parameters: {'alpha': 2, 'beta': 2.5, 'l1_in': 128, 'actor_l2_in': 192, 'actor_l3_in': 192, 'actor_l4_in': 192, 'critic_l2_in': 64, 'critic_l3_in': 256, 'critic_l4_in': 128, 'actor_lr': 0.0009}. Best is trial 102 with value: 0.814058.
[I 2023-08-09 15:36:24,334] Trial 125 finished with value: 0.7915079999999999 and parameters: {'alpha': 2, 'beta': 2.5, 'l1_in': 128, 'actor_l2_in': 192, 'actor_l3_in': 192, 'actor_l4_in': 192, 'critic_l2_in': 64, 'critic_l3_in': 256, 'critic_l4_in': 128, 'actor_lr': 0.0001}. Best is trial 102 with value: 0.814058.
[I 2023-08-09 15:38:08,609] Trial 126 finished with value: 0.691486 and parameters: {'alpha': 2, 'beta': 2.5, 'l1_in': 256, 'actor_l2_in': 64, 'actor_l3_in': 192, 'actor_l4_in': 192, 'critic_l2_in': 64, 'critic_l3_in': 256, 'critic_l4_in': 128, 'actor_lr': 0.0005}. Best is trial 102 with value: 0.814058.
[I 2023-08-09 15:39:50,162] Trial 127 finished with value: 0.7822020000000001 and parameters: {'alpha': 2, 'beta': 2.5, 'l1_in': 128, 'actor_l2_in': 128, 'actor_l3_in': 192, 'actor_l4_in': 192, 'critic_l2_in': 64, 'critic_l3_in': 192, 'critic_l4_in': 128, 'actor_lr': 0.0001}. Best is trial 102 with value: 0.814058.
[I 2023-08-09 15:41:35,409] Trial 128 finished with value: 0.7757719999999999 and parameters: {'alpha': 2, 'beta': 2.5, 'l1_in': 128, 'actor_l2_in': 192, 'actor_l3_in': 192, 'actor_l4_in': 192, 'critic_l2_in': 64, 'critic_l3_in': 256, 'critic_l4_in': 128, 'actor_lr': 0.0001}. Best is trial 102 with value: 0.814058.
[I 2023-08-09 15:43:21,246] Trial 129 finished with value: 0.7943439999999999 and parameters: {'alpha': 2, 'beta': 2.5, 'l1_in': 128, 'actor_l2_in': 192, 'actor_l3_in': 192, 'actor_l4_in': 192, 'critic_l2_in': 64, 'critic_l3_in': 256, 'critic_l4_in': 128, 'actor_lr': 0.0001}. Best is trial 102 with value: 0.814058.
[I 2023-08-09 15:45:08,291] Trial 130 finished with value: 0.48295000000000005 and parameters: {'alpha': 4, 'beta': 2.5, 'l1_in': 128, 'actor_l2_in': 192, 'actor_l3_in': 192, 'actor_l4_in': 192, 'critic_l2_in': 64, 'critic_l3_in': 256, 'critic_l4_in': 128, 'actor_lr': 0.0008}. Best is trial 102 with value: 0.814058.
[I 2023-08-09 15:46:57,525] Trial 131 finished with value: 0.7704359999999999 and parameters: {'alpha': 2, 'beta': 2.5, 'l1_in': 192, 'actor_l2_in': 192, 'actor_l3_in': 192, 'actor_l4_in': 192, 'critic_l2_in': 64, 'critic_l3_in': 256, 'critic_l4_in': 64, 'actor_lr': 0.0001}. Best is trial 102 with value: 0.814058.
[I 2023-08-09 15:48:44,453] Trial 132 finished with value: 0.8008599999999999 and parameters: {'alpha': 2, 'beta': 2.0, 'l1_in': 64, 'actor_l2_in': 192, 'actor_l3_in': 192, 'actor_l4_in': 192, 'critic_l2_in': 64, 'critic_l3_in': 256, 'critic_l4_in': 128, 'actor_lr': 0.0001}. Best is trial 102 with value: 0.814058.
[I 2023-08-09 15:50:30,636] Trial 133 finished with value: 0.757226 and parameters: {'alpha': 2, 'beta': 2.0, 'l1_in': 64, 'actor_l2_in': 192, 'actor_l3_in': 192, 'actor_l4_in': 192, 'critic_l2_in': 64, 'critic_l3_in': 256, 'critic_l4_in': 128, 'actor_lr': 0.0001}. Best is trial 102 with value: 0.814058.
[I 2023-08-09 15:52:15,617] Trial 134 finished with value: 0.778774 and parameters: {'alpha': 2, 'beta': 2.5, 'l1_in': 64, 'actor_l2_in': 192, 'actor_l3_in': 192, 'actor_l4_in': 192, 'critic_l2_in': 64, 'critic_l3_in': 256, 'critic_l4_in': 128, 'actor_lr': 0.0001}. Best is trial 102 with value: 0.814058.
[I 2023-08-09 15:54:02,190] Trial 135 finished with value: 0.763566 and parameters: {'alpha': 2, 'beta': 3.0, 'l1_in': 64, 'actor_l2_in': 192, 'actor_l3_in': 192, 'actor_l4_in': 256, 'critic_l2_in': 64, 'critic_l3_in': 128, 'critic_l4_in': 128, 'actor_lr': 0.0001}. Best is trial 102 with value: 0.814058.
[I 2023-08-09 15:55:54,871] Trial 136 finished with value: 0.757872 and parameters: {'alpha': 8, 'beta': 2.5, 'l1_in': 64, 'actor_l2_in': 192, 'actor_l3_in': 192, 'actor_l4_in': 192, 'critic_l2_in': 256, 'critic_l3_in': 256, 'critic_l4_in': 128, 'actor_lr': 0.0001}. Best is trial 102 with value: 0.814058.
[I 2023-08-09 15:57:40,854] Trial 137 finished with value: 0.696394 and parameters: {'alpha': 2, 'beta': 2.0, 'l1_in': 128, 'actor_l2_in': 192, 'actor_l3_in': 128, 'actor_l4_in': 192, 'critic_l2_in': 64, 'critic_l3_in': 256, 'critic_l4_in': 128, 'actor_lr': 0.0003}. Best is trial 102 with value: 0.814058.
[I 2023-08-09 15:59:25,993] Trial 138 finished with value: 0.7272639999999999 and parameters: {'alpha': 2, 'beta': 2.5, 'l1_in': 64, 'actor_l2_in': 192, 'actor_l3_in': 192, 'actor_l4_in': 192, 'critic_l2_in': 128, 'critic_l3_in': 256, 'critic_l4_in': 128, 'actor_lr': 0.0001}. Best is trial 102 with value: 0.814058.
