[I 2023-08-09 16:01:18,958] Trial 139 finished with value: 0.593188 and parameters: {'alpha': 10, 'beta': 2.5, 'l1_in': 128, 'actor_l2_in': 256, 'actor_l3_in': 256, 'actor_l4_in': 192, 'critic_l2_in': 64, 'critic_l3_in': 256, 'critic_l4_in': 192, 'actor_lr': 0.0007}. Best is trial 102 with value: 0.814058.
[I 2023-08-09 16:03:07,030] Trial 140 finished with value: 0.794542 and parameters: {'alpha': 2, 'beta': 2.5, 'l1_in': 128, 'actor_l2_in': 192, 'actor_l3_in': 192, 'actor_l4_in': 192, 'critic_l2_in': 64, 'critic_l3_in': 256, 'critic_l4_in': 192, 'actor_lr': 0.0001}. Best is trial 102 with value: 0.814058.
[I 2023-08-09 16:04:56,699] Trial 141 finished with value: 0.802486 and parameters: {'alpha': 2, 'beta': 2.0, 'l1_in': 192, 'actor_l2_in': 192, 'actor_l3_in': 192, 'actor_l4_in': 192, 'critic_l2_in': 64, 'critic_l3_in': 256, 'critic_l4_in': 128, 'actor_lr': 0.0001}. Best is trial 102 with value: 0.814058.
[I 2023-08-09 16:06:47,532] Trial 142 finished with value: 0.7786539999999998 and parameters: {'alpha': 2, 'beta': 2.0, 'l1_in': 192, 'actor_l2_in': 192, 'actor_l3_in': 192, 'actor_l4_in': 192, 'critic_l2_in': 64, 'critic_l3_in': 256, 'critic_l4_in': 128, 'actor_lr': 0.0001}. Best is trial 102 with value: 0.814058.
[I 2023-08-09 16:08:33,581] Trial 143 finished with value: 0.790832 and parameters: {'alpha': 2, 'beta': 2.0, 'l1_in': 128, 'actor_l2_in': 192, 'actor_l3_in': 192, 'actor_l4_in': 192, 'critic_l2_in': 64, 'critic_l3_in': 256, 'critic_l4_in': 128, 'actor_lr': 0.0001}. Best is trial 102 with value: 0.814058.
[I 2023-08-09 16:10:19,270] Trial 144 finished with value: 0.786856 and parameters: {'alpha': 2, 'beta': 2.0, 'l1_in': 128, 'actor_l2_in': 192, 'actor_l3_in': 192, 'actor_l4_in': 192, 'critic_l2_in': 64, 'critic_l3_in': 256, 'critic_l4_in': 128, 'actor_lr': 0.0001}. Best is trial 102 with value: 0.814058.
[I 2023-08-09 16:12:05,576] Trial 145 finished with value: 0.539652 and parameters: {'alpha': 2, 'beta': 2.0, 'l1_in': 128, 'actor_l2_in': 192, 'actor_l3_in': 192, 'actor_l4_in': 192, 'critic_l2_in': 64, 'critic_l3_in': 256, 'critic_l4_in': 128, 'actor_lr': 0.0006}. Best is trial 102 with value: 0.814058.
[I 2023-08-09 16:13:52,808] Trial 146 finished with value: 0.7863640000000001 and parameters: {'alpha': 2, 'beta': 2.5, 'l1_in': 128, 'actor_l2_in': 192, 'actor_l3_in': 192, 'actor_l4_in': 192, 'critic_l2_in': 64, 'critic_l3_in': 256, 'critic_l4_in': 192, 'actor_lr': 0.0001}. Best is trial 102 with value: 0.814058.
[I 2023-08-09 16:15:41,457] Trial 147 finished with value: 0.7529739999999999 and parameters: {'alpha': 2, 'beta': 2.5, 'l1_in': 256, 'actor_l2_in': 192, 'actor_l3_in': 192, 'actor_l4_in': 128, 'critic_l2_in': 64, 'critic_l3_in': 192, 'critic_l4_in': 128, 'actor_lr': 0.0001}. Best is trial 102 with value: 0.814058.
[I 2023-08-09 16:17:28,448] Trial 148 finished with value: 0.8059799999999999 and parameters: {'alpha': 2, 'beta': 2.0, 'l1_in': 128, 'actor_l2_in': 192, 'actor_l3_in': 192, 'actor_l4_in': 192, 'critic_l2_in': 64, 'critic_l3_in': 256, 'critic_l4_in': 192, 'actor_lr': 0.0001}. Best is trial 102 with value: 0.814058.
[I 2023-08-09 16:19:16,311] Trial 149 finished with value: 0.70245 and parameters: {'alpha': 2, 'beta': 2.0, 'l1_in': 128, 'actor_l2_in': 192, 'actor_l3_in': 192, 'actor_l4_in': 192, 'critic_l2_in': 64, 'critic_l3_in': 256, 'critic_l4_in': 192, 'actor_lr': 0.0002}. Best is trial 102 with value: 0.814058.
################## BEST DATA ##############
Best value: 0.814058
################## BEST PARAM #############
param: {'alpha': 2, 'beta': 2.5, 'l1_in': 128, 'actor_l2_in': 192, 'actor_l3_in': 192, 'actor_l4_in': 192, 'critic_l2_in': 64, 'critic_l3_in': 256, 'critic_l4_in': 128, 'actor_lr': 0.0001}
