[I 2023-08-07 14:33:52,330] Trial 69 finished with value: 0.7750940000000001 and parameters: {'alpha': 2, 'beta': 2.0, 'l1_in': 128, 'actor_l2_in': 256, 'actor_l3_in': 128, 'actor_l4_in': 64, 'critic_l2_in': 192, 'critic_l3_in': 128, 'critic_l4_in': 128, 'actor_lr': 0.0001}. Best is trial 66 with value: 0.7993020000000002.
[I 2023-08-07 14:35:46,589] Trial 70 finished with value: 0.47938200000000003 and parameters: {'alpha': 10, 'beta': 1.5, 'l1_in': 128, 'actor_l2_in': 64, 'actor_l3_in': 128, 'actor_l4_in': 192, 'critic_l2_in': 64, 'critic_l3_in': 64, 'critic_l4_in': 128, 'actor_lr': 0.0008}. Best is trial 66 with value: 0.7993020000000002.
[I 2023-08-07 14:37:30,738] Trial 71 finished with value: 0.769486 and parameters: {'alpha': 2, 'beta': 2.0, 'l1_in': 128, 'actor_l2_in': 64, 'actor_l3_in': 128, 'actor_l4_in': 128, 'critic_l2_in': 192, 'critic_l3_in': 192, 'critic_l4_in': 192, 'actor_lr': 0.0001}. Best is trial 66 with value: 0.7993020000000002.
[I 2023-08-07 14:39:12,554] Trial 72 finished with value: 0.778318 and parameters: {'alpha': 2, 'beta': 2.0, 'l1_in': 128, 'actor_l2_in': 64, 'actor_l3_in': 128, 'actor_l4_in': 128, 'critic_l2_in': 192, 'critic_l3_in': 192, 'critic_l4_in': 128, 'actor_lr': 0.0001}. Best is trial 66 with value: 0.7993020000000002.
[I 2023-08-07 14:40:57,720] Trial 73 finished with value: 0.7754399999999999 and parameters: {'alpha': 2, 'beta': 2.0, 'l1_in': 128, 'actor_l2_in': 64, 'actor_l3_in': 128, 'actor_l4_in': 128, 'critic_l2_in': 192, 'critic_l3_in': 192, 'critic_l4_in': 192, 'actor_lr': 0.0001}. Best is trial 66 with value: 0.7993020000000002.
[I 2023-08-07 14:42:44,280] Trial 74 finished with value: 0.794684 and parameters: {'alpha': 2, 'beta': 2.0, 'l1_in': 128, 'actor_l2_in': 64, 'actor_l3_in': 128, 'actor_l4_in': 128, 'critic_l2_in': 192, 'critic_l3_in': 192, 'critic_l4_in': 256, 'actor_lr': 0.0001}. Best is trial 66 with value: 0.7993020000000002.
[I 2023-08-07 14:44:36,579] Trial 75 finished with value: 0.717366 and parameters: {'alpha': 2, 'beta': 2.0, 'l1_in': 192, 'actor_l2_in': 64, 'actor_l3_in': 64, 'actor_l4_in': 128, 'critic_l2_in': 192, 'critic_l3_in': 192, 'critic_l4_in': 256, 'actor_lr': 0.0001}. Best is trial 66 with value: 0.7993020000000002.
[I 2023-08-07 14:46:17,181] Trial 76 finished with value: 0.70282 and parameters: {'alpha': 4, 'beta': 2.0, 'l1_in': 128, 'actor_l2_in': 64, 'actor_l3_in': 128, 'actor_l4_in': 128, 'critic_l2_in': 128, 'critic_l3_in': 192, 'critic_l4_in': 256, 'actor_lr': 0.0001}. Best is trial 66 with value: 0.7993020000000002.
[I 2023-08-07 14:48:11,382] Trial 77 finished with value: 0.47940000000000005 and parameters: {'alpha': 2, 'beta': 2.0, 'l1_in': 256, 'actor_l2_in': 64, 'actor_l3_in': 192, 'actor_l4_in': 128, 'critic_l2_in': 192, 'critic_l3_in': 192, 'critic_l4_in': 256, 'actor_lr': 0.0009}. Best is trial 66 with value: 0.7993020000000002.
[I 2023-08-07 14:49:52,895] Trial 78 finished with value: 0.76111 and parameters: {'alpha': 2, 'beta': 2.0, 'l1_in': 128, 'actor_l2_in': 64, 'actor_l3_in': 128, 'actor_l4_in': 256, 'critic_l2_in': 192, 'critic_l3_in': 128, 'critic_l4_in': 256, 'actor_lr': 0.0001}. Best is trial 66 with value: 0.7993020000000002.
[I 2023-08-07 14:51:32,652] Trial 79 finished with value: 0.48245000000000005 and parameters: {'alpha': 8, 'beta': 3.0, 'l1_in': 128, 'actor_l2_in': 64, 'actor_l3_in': 128, 'actor_l4_in': 128, 'critic_l2_in': 256, 'critic_l3_in': 192, 'critic_l4_in': 64, 'actor_lr': 0.0004}. Best is trial 66 with value: 0.7993020000000002.
[I 2023-08-07 14:53:20,374] Trial 80 finished with value: 0.4777640000000001 and parameters: {'alpha': 2, 'beta': 2.0, 'l1_in': 128, 'actor_l2_in': 128, 'actor_l3_in': 128, 'actor_l4_in': 128, 'critic_l2_in': 192, 'critic_l3_in': 192, 'critic_l4_in': 256, 'actor_lr': 0.0007}. Best is trial 66 with value: 0.7993020000000002.
[I 2023-08-07 14:55:05,851] Trial 81 finished with value: 0.7682779999999999 and parameters: {'alpha': 2, 'beta': 2.0, 'l1_in': 128, 'actor_l2_in': 64, 'actor_l3_in': 128, 'actor_l4_in': 128, 'critic_l2_in': 192, 'critic_l3_in': 192, 'critic_l4_in': 192, 'actor_lr': 0.0001}. Best is trial 66 with value: 0.7993020000000002.
[I 2023-08-07 14:56:52,053] Trial 82 finished with value: 0.7587520000000001 and parameters: {'alpha': 2, 'beta': 2.0, 'l1_in': 128, 'actor_l2_in': 64, 'actor_l3_in': 128, 'actor_l4_in': 128, 'critic_l2_in': 192, 'critic_l3_in': 192, 'critic_l4_in': 192, 'actor_lr': 0.0001}. Best is trial 66 with value: 0.7993020000000002.
[I 2023-08-07 14:58:37,803] Trial 83 finished with value: 0.7750659999999999 and parameters: {'alpha': 2, 'beta': 2.0, 'l1_in': 128, 'actor_l2_in': 64, 'actor_l3_in': 128, 'actor_l4_in': 128, 'critic_l2_in': 192, 'critic_l3_in': 192, 'critic_l4_in': 192, 'actor_lr': 0.0001}. Best is trial 66 with value: 0.7993020000000002.
[I 2023-08-07 15:00:22,939] Trial 84 finished with value: 0.7920360000000001 and parameters: {'alpha': 2, 'beta': 2.0, 'l1_in': 128, 'actor_l2_in': 64, 'actor_l3_in': 256, 'actor_l4_in': 128, 'critic_l2_in': 192, 'critic_l3_in': 192, 'critic_l4_in': 192, 'actor_lr': 0.0001}. Best is trial 66 with value: 0.7993020000000002.
[I 2023-08-07 15:02:09,389] Trial 85 finished with value: 0.758556 and parameters: {'alpha': 2, 'beta': 2.0, 'l1_in': 128, 'actor_l2_in': 192, 'actor_l3_in': 256, 'actor_l4_in': 64, 'critic_l2_in': 192, 'critic_l3_in': 192, 'critic_l4_in': 128, 'actor_lr': 0.0001}. Best is trial 66 with value: 0.7993020000000002.
[I 2023-08-07 15:03:53,954] Trial 86 finished with value: 0.48479 and parameters: {'alpha': 6, 'beta': 1.5, 'l1_in': 128, 'actor_l2_in': 64, 'actor_l3_in': 256, 'actor_l4_in': 128, 'critic_l2_in': 192, 'critic_l3_in': 128, 'critic_l4_in': 192, 'actor_lr': 0.0005}. Best is trial 66 with value: 0.7993020000000002.
[I 2023-08-07 15:05:42,382] Trial 87 finished with value: 0.70044 and parameters: {'alpha': 2, 'beta': 2.5, 'l1_in': 128, 'actor_l2_in': 64, 'actor_l3_in': 256, 'actor_l4_in': 128, 'critic_l2_in': 192, 'critic_l3_in': 256, 'critic_l4_in': 192, 'actor_lr': 0.0002}. Best is trial 66 with value: 0.7993020000000002.
[I 2023-08-07 15:07:33,213] Trial 88 finished with value: 0.6953959999999999 and parameters: {'alpha': 2, 'beta': 2.0, 'l1_in': 64, 'actor_l2_in': 256, 'actor_l3_in': 256, 'actor_l4_in': 128, 'critic_l2_in': 192, 'critic_l3_in': 192, 'critic_l4_in': 256, 'actor_lr': 0.0003}. Best is trial 66 with value: 0.7993020000000002.
[I 2023-08-07 15:09:11,555] Trial 89 finished with value: 0.48503000000000007 and parameters: {'alpha': 10, 'beta': 2.0, 'l1_in': 192, 'actor_l2_in': 64, 'actor_l3_in': 256, 'actor_l4_in': 192, 'critic_l2_in': 64, 'critic_l3_in': 64, 'critic_l4_in': 192, 'actor_lr': 0.0001}. Best is trial 66 with value: 0.7993020000000002.
[I 2023-08-07 15:10:57,374] Trial 90 finished with value: 0.5475300000000001 and parameters: {'alpha': 2, 'beta': 2.0, 'l1_in': 128, 'actor_l2_in': 64, 'actor_l3_in': 256, 'actor_l4_in': 64, 'critic_l2_in': 192, 'critic_l3_in': 192, 'critic_l4_in': 192, 'actor_lr': 0.0006}. Best is trial 66 with value: 0.7993020000000002.
[I 2023-08-07 15:12:43,056] Trial 91 finished with value: 0.7666259999999999 and parameters: {'alpha': 2, 'beta': 2.0, 'l1_in': 128, 'actor_l2_in': 64, 'actor_l3_in': 128, 'actor_l4_in': 128, 'critic_l2_in': 192, 'critic_l3_in': 192, 'critic_l4_in': 192, 'actor_lr': 0.0001}. Best is trial 66 with value: 0.7993020000000002.
[I 2023-08-07 15:14:28,939] Trial 92 finished with value: 0.773024 and parameters: {'alpha': 2, 'beta': 2.0, 'l1_in': 128, 'actor_l2_in': 64, 'actor_l3_in': 128, 'actor_l4_in': 128, 'critic_l2_in': 192, 'critic_l3_in': 192, 'critic_l4_in': 192, 'actor_lr': 0.0001}. Best is trial 66 with value: 0.7993020000000002.
[I 2023-08-07 15:16:15,315] Trial 93 finished with value: 0.775466 and parameters: {'alpha': 2, 'beta': 2.0, 'l1_in': 128, 'actor_l2_in': 64, 'actor_l3_in': 128, 'actor_l4_in': 128, 'critic_l2_in': 192, 'critic_l3_in': 192, 'critic_l4_in': 192, 'actor_lr': 0.0001}. Best is trial 66 with value: 0.7993020000000002.
[I 2023-08-07 15:18:00,763] Trial 94 finished with value: 0.667404 and parameters: {'alpha': 4, 'beta': 1.5, 'l1_in': 128, 'actor_l2_in': 64, 'actor_l3_in': 64, 'actor_l4_in': 128, 'critic_l2_in': 192, 'critic_l3_in': 128, 'critic_l4_in': 192, 'actor_lr': 0.0001}. Best is trial 66 with value: 0.7993020000000002.
[I 2023-08-07 15:19:45,373] Trial 95 finished with value: 0.786946 and parameters: {'alpha': 2, 'beta': 2.0, 'l1_in': 128, 'actor_l2_in': 64, 'actor_l3_in': 128, 'actor_l4_in': 128, 'critic_l2_in': 128, 'critic_l3_in': 192, 'critic_l4_in': 64, 'actor_lr': 0.0001}. Best is trial 66 with value: 0.7993020000000002.
[I 2023-08-07 15:21:32,239] Trial 96 finished with value: 0.482366 and parameters: {'alpha': 2, 'beta': 2.0, 'l1_in': 128, 'actor_l2_in': 64, 'actor_l3_in': 128, 'actor_l4_in': 128, 'critic_l2_in': 128, 'critic_l3_in': 192, 'critic_l4_in': 64, 'actor_lr': 0.0008}. Best is trial 66 with value: 0.7993020000000002.
[I 2023-08-07 15:23:17,300] Trial 97 finished with value: 0.733552 and parameters: {'alpha': 2, 'beta': 2.0, 'l1_in': 256, 'actor_l2_in': 64, 'actor_l3_in': 192, 'actor_l4_in': 128, 'critic_l2_in': 128, 'critic_l3_in': 192, 'critic_l4_in': 64, 'actor_lr': 0.0001}. Best is trial 66 with value: 0.7993020000000002.
[I 2023-08-07 15:25:01,836] Trial 98 finished with value: 0.7888919999999999 and parameters: {'alpha': 2, 'beta': 3.0, 'l1_in': 128, 'actor_l2_in': 64, 'actor_l3_in': 128, 'actor_l4_in': 128, 'critic_l2_in': 128, 'critic_l3_in': 192, 'critic_l4_in': 64, 'actor_lr': 0.0001}. Best is trial 66 with value: 0.7993020000000002.
[I 2023-08-07 15:26:46,844] Trial 99 finished with value: 0.7808379999999999 and parameters: {'alpha': 2, 'beta': 3.0, 'l1_in': 128, 'actor_l2_in': 64, 'actor_l3_in': 128, 'actor_l4_in': 256, 'critic_l2_in': 128, 'critic_l3_in': 128, 'critic_l4_in': 64, 'actor_lr': 0.0001}. Best is trial 66 with value: 0.7993020000000002.
[I 2023-08-07 15:28:38,293] Trial 100 finished with value: 0.508534 and parameters: {'alpha': 8, 'beta': 3.0, 'l1_in': 128, 'actor_l2_in': 128, 'actor_l3_in': 128, 'actor_l4_in': 128, 'critic_l2_in': 128, 'critic_l3_in': 192, 'critic_l4_in': 64, 'actor_lr': 0.0001}. Best is trial 66 with value: 0.7993020000000002.
[I 2023-08-07 15:30:24,448] Trial 101 finished with value: 0.76637 and parameters: {'alpha': 2, 'beta': 2.0, 'l1_in': 128, 'actor_l2_in': 64, 'actor_l3_in': 128, 'actor_l4_in': 128, 'critic_l2_in': 128, 'critic_l3_in': 192, 'critic_l4_in': 64, 'actor_lr': 0.0001}. Best is trial 66 with value: 0.7993020000000002.
[I 2023-08-07 15:32:07,507] Trial 102 finished with value: 0.7672939999999999 and parameters: {'alpha': 2, 'beta': 3.0, 'l1_in': 128, 'actor_l2_in': 64, 'actor_l3_in': 128, 'actor_l4_in': 128, 'critic_l2_in': 128, 'critic_l3_in': 192, 'critic_l4_in': 64, 'actor_lr': 0.0001}. Best is trial 66 with value: 0.7993020000000002.
[I 2023-08-07 15:33:55,423] Trial 103 finished with value: 0.7710600000000001 and parameters: {'alpha': 2, 'beta': 3.0, 'l1_in': 128, 'actor_l2_in': 64, 'actor_l3_in': 128, 'actor_l4_in': 128, 'critic_l2_in': 128, 'critic_l3_in': 192, 'critic_l4_in': 64, 'actor_lr': 0.0001}. Best is trial 66 with value: 0.7993020000000002.
[I 2023-08-07 15:35:40,453] Trial 104 finished with value: 0.7812580000000001 and parameters: {'alpha': 2, 'beta': 3.0, 'l1_in': 128, 'actor_l2_in': 64, 'actor_l3_in': 128, 'actor_l4_in': 128, 'critic_l2_in': 128, 'critic_l3_in': 192, 'critic_l4_in': 64, 'actor_lr': 0.0001}. Best is trial 66 with value: 0.7993020000000002.
[I 2023-08-07 15:37:22,635] Trial 105 finished with value: 0.6205459999999999 and parameters: {'alpha': 2, 'beta': 2.0, 'l1_in': 128, 'actor_l2_in': 64, 'actor_l3_in': 256, 'actor_l4_in': 64, 'critic_l2_in': 256, 'critic_l3_in': 192, 'critic_l4_in': 128, 'actor_lr': 0.0009}. Best is trial 66 with value: 0.7993020000000002.
[I 2023-08-07 15:39:04,990] Trial 106 finished with value: 0.7594339999999999 and parameters: {'alpha': 2, 'beta': 1.5, 'l1_in': 128, 'actor_l2_in': 192, 'actor_l3_in': 128, 'actor_l4_in': 128, 'critic_l2_in': 128, 'critic_l3_in': 192, 'critic_l4_in': 64, 'actor_lr': 0.0001}. Best is trial 66 with value: 0.7993020000000002.
[I 2023-08-07 15:40:53,448] Trial 107 finished with value: 0.54909 and parameters: {'alpha': 6, 'beta': 2.5, 'l1_in': 128, 'actor_l2_in': 64, 'actor_l3_in': 128, 'actor_l4_in': 128, 'critic_l2_in': 192, 'critic_l3_in': 256, 'critic_l4_in': 192, 'actor_lr': 0.0004}. Best is trial 66 with value: 0.7993020000000002.
[I 2023-08-07 15:42:40,878] Trial 108 finished with value: 0.49264200000000014 and parameters: {'alpha': 2, 'beta': 2.0, 'l1_in': 64, 'actor_l2_in': 64, 'actor_l3_in': 128, 'actor_l4_in': 128, 'critic_l2_in': 64, 'critic_l3_in': 128, 'critic_l4_in': 256, 'actor_lr': 0.0007}. Best is trial 66 with value: 0.7993020000000002.
[I 2023-08-07 15:44:22,561] Trial 109 finished with value: 0.764508 and parameters: {'alpha': 2, 'beta': 2.0, 'l1_in': 128, 'actor_l2_in': 256, 'actor_l3_in': 128, 'actor_l4_in': 192, 'critic_l2_in': 192, 'critic_l3_in': 64, 'critic_l4_in': 128, 'actor_lr': 0.0001}. Best is trial 66 with value: 0.7993020000000002.
[I 2023-08-07 15:46:15,006] Trial 110 finished with value: 0.594956 and parameters: {'alpha': 2, 'beta': 2.0, 'l1_in': 192, 'actor_l2_in': 64, 'actor_l3_in': 256, 'actor_l4_in': 128, 'critic_l2_in': 192, 'critic_l3_in': 192, 'critic_l4_in': 192, 'actor_lr': 0.0005}. Best is trial 66 with value: 0.7993020000000002.
[I 2023-08-07 15:48:00,568] Trial 111 finished with value: 0.778388 and parameters: {'alpha': 2, 'beta': 2.0, 'l1_in': 128, 'actor_l2_in': 64, 'actor_l3_in': 128, 'actor_l4_in': 128, 'critic_l2_in': 192, 'critic_l3_in': 192, 'critic_l4_in': 192, 'actor_lr': 0.0001}. Best is trial 66 with value: 0.7993020000000002.
[I 2023-08-07 15:49:46,240] Trial 112 finished with value: 0.7825960000000001 and parameters: {'alpha': 2, 'beta': 2.0, 'l1_in': 128, 'actor_l2_in': 64, 'actor_l3_in': 128, 'actor_l4_in': 128, 'critic_l2_in': 192, 'critic_l3_in': 192, 'critic_l4_in': 192, 'actor_lr': 0.0001}. Best is trial 66 with value: 0.7993020000000002.
[I 2023-08-07 15:51:31,999] Trial 113 finished with value: 0.77972 and parameters: {'alpha': 2, 'beta': 2.0, 'l1_in': 128, 'actor_l2_in': 64, 'actor_l3_in': 128, 'actor_l4_in': 128, 'critic_l2_in': 192, 'critic_l3_in': 192, 'critic_l4_in': 192, 'actor_lr': 0.0001}. Best is trial 66 with value: 0.7993020000000002.
[I 2023-08-07 15:53:18,645] Trial 114 finished with value: 0.77758 and parameters: {'alpha': 2, 'beta': 2.0, 'l1_in': 128, 'actor_l2_in': 64, 'actor_l3_in': 128, 'actor_l4_in': 128, 'critic_l2_in': 192, 'critic_l3_in': 192, 'critic_l4_in': 192, 'actor_lr': 0.0001}. Best is trial 66 with value: 0.7993020000000002.
[I 2023-08-07 15:55:02,714] Trial 115 finished with value: 0.5482659999999999 and parameters: {'alpha': 2, 'beta': 2.0, 'l1_in': 128, 'actor_l2_in': 64, 'actor_l3_in': 64, 'actor_l4_in': 128, 'critic_l2_in': 192, 'critic_l3_in': 192, 'critic_l4_in': 192, 'actor_lr': 0.0003}. Best is trial 66 with value: 0.7993020000000002.
[I 2023-08-07 15:56:49,867] Trial 116 finished with value: 0.565322 and parameters: {'alpha': 10, 'beta': 1.5, 'l1_in': 128, 'actor_l2_in': 64, 'actor_l3_in': 128, 'actor_l4_in': 64, 'critic_l2_in': 192, 'critic_l3_in': 128, 'critic_l4_in': 192, 'actor_lr': 0.0001}. Best is trial 66 with value: 0.7993020000000002.
[I 2023-08-07 15:58:36,359] Trial 117 finished with value: 0.48763600000000007 and parameters: {'alpha': 4, 'beta': 2.0, 'l1_in': 256, 'actor_l2_in': 64, 'actor_l3_in': 192, 'actor_l4_in': 128, 'critic_l2_in': 128, 'critic_l3_in': 192, 'critic_l4_in': 64, 'actor_lr': 0.0002}. Best is trial 66 with value: 0.7993020000000002.
[I 2023-08-07 16:00:21,869] Trial 118 finished with value: 0.7719199999999999 and parameters: {'alpha': 2, 'beta': 2.0, 'l1_in': 128, 'actor_l2_in': 64, 'actor_l3_in': 128, 'actor_l4_in': 128, 'critic_l2_in': 192, 'critic_l3_in': 192, 'critic_l4_in': 256, 'actor_lr': 0.0001}. Best is trial 66 with value: 0.7993020000000002.
[I 2023-08-07 16:02:09,524] Trial 119 finished with value: 0.704174 and parameters: {'alpha': 2, 'beta': 3.0, 'l1_in': 128, 'actor_l2_in': 128, 'actor_l3_in': 128, 'actor_l4_in': 256, 'critic_l2_in': 256, 'critic_l3_in': 192, 'critic_l4_in': 192, 'actor_lr': 0.0006}. Best is trial 66 with value: 0.7993020000000002.
[I 2023-08-07 16:03:49,504] Trial 120 finished with value: 0.7627379999999999 and parameters: {'alpha': 2, 'beta': 2.0, 'l1_in': 128, 'actor_l2_in': 64, 'actor_l3_in': 128, 'actor_l4_in': 128, 'critic_l2_in': 192, 'critic_l3_in': 192, 'critic_l4_in': 128, 'actor_lr': 0.0001}. Best is trial 66 with value: 0.7993020000000002.
[I 2023-08-07 16:05:34,654] Trial 121 finished with value: 0.7682460000000001 and parameters: {'alpha': 2, 'beta': 2.0, 'l1_in': 128, 'actor_l2_in': 64, 'actor_l3_in': 128, 'actor_l4_in': 128, 'critic_l2_in': 192, 'critic_l3_in': 192, 'critic_l4_in': 192, 'actor_lr': 0.0001}. Best is trial 66 with value: 0.7993020000000002.
[I 2023-08-07 16:07:19,327] Trial 122 finished with value: 0.778664 and parameters: {'alpha': 2, 'beta': 2.0, 'l1_in': 128, 'actor_l2_in': 64, 'actor_l3_in': 128, 'actor_l4_in': 128, 'critic_l2_in': 192, 'critic_l3_in': 192, 'critic_l4_in': 192, 'actor_lr': 0.0001}. Best is trial 66 with value: 0.7993020000000002.
[I 2023-08-07 16:09:04,894] Trial 123 finished with value: 0.7792000000000001 and parameters: {'alpha': 2, 'beta': 2.0, 'l1_in': 128, 'actor_l2_in': 64, 'actor_l3_in': 128, 'actor_l4_in': 128, 'critic_l2_in': 192, 'critic_l3_in': 192, 'critic_l4_in': 192, 'actor_lr': 0.0001}. Best is trial 66 with value: 0.7993020000000002.
[I 2023-08-07 16:10:50,622] Trial 124 finished with value: 0.7737480000000001 and parameters: {'alpha': 2, 'beta': 2.0, 'l1_in': 128, 'actor_l2_in': 64, 'actor_l3_in': 256, 'actor_l4_in': 128, 'critic_l2_in': 192, 'critic_l3_in': 192, 'critic_l4_in': 192, 'actor_lr': 0.0001}. Best is trial 66 with value: 0.7993020000000002.
[I 2023-08-07 16:12:34,533] Trial 125 finished with value: 0.560146 and parameters: {'alpha': 8, 'beta': 2.0, 'l1_in': 128, 'actor_l2_in': 64, 'actor_l3_in': 128, 'actor_l4_in': 128, 'critic_l2_in': 192, 'critic_l3_in': 128, 'critic_l4_in': 192, 'actor_lr': 0.0001}. Best is trial 66 with value: 0.7993020000000002.
[I 2023-08-07 16:14:19,039] Trial 126 finished with value: 0.7835319999999999 and parameters: {'alpha': 2, 'beta': 2.0, 'l1_in': 128, 'actor_l2_in': 64, 'actor_l3_in': 128, 'actor_l4_in': 128, 'critic_l2_in': 192, 'critic_l3_in': 192, 'critic_l4_in': 192, 'actor_lr': 0.0001}. Best is trial 66 with value: 0.7993020000000002.
[I 2023-08-07 16:16:04,693] Trial 127 finished with value: 0.6331239999999999 and parameters: {'alpha': 2, 'beta': 1.5, 'l1_in': 128, 'actor_l2_in': 192, 'actor_l3_in': 128, 'actor_l4_in': 64, 'critic_l2_in': 192, 'critic_l3_in': 192, 'critic_l4_in': 192, 'actor_lr': 0.0008}. Best is trial 66 with value: 0.7993020000000002.
[I 2023-08-07 16:17:54,095] Trial 128 finished with value: 0.7894019999999999 and parameters: {'alpha': 2, 'beta': 2.5, 'l1_in': 128, 'actor_l2_in': 64, 'actor_l3_in': 128, 'actor_l4_in': 128, 'critic_l2_in': 192, 'critic_l3_in': 256, 'critic_l4_in': 192, 'actor_lr': 0.0001}. Best is trial 66 with value: 0.7993020000000002.
[I 2023-08-07 16:19:43,203] Trial 129 finished with value: 0.7643 and parameters: {'alpha': 2, 'beta': 2.5, 'l1_in': 64, 'actor_l2_in': 64, 'actor_l3_in': 256, 'actor_l4_in': 128, 'critic_l2_in': 192, 'critic_l3_in': 256, 'critic_l4_in': 256, 'actor_lr': 0.0001}. Best is trial 66 with value: 0.7993020000000002.
[I 2023-08-07 16:21:30,780] Trial 130 finished with value: 0.5219820000000001 and parameters: {'alpha': 6, 'beta': 2.5, 'l1_in': 128, 'actor_l2_in': 64, 'actor_l3_in': 128, 'actor_l4_in': 128, 'critic_l2_in': 128, 'critic_l3_in': 256, 'critic_l4_in': 64, 'actor_lr': 0.0001}. Best is trial 66 with value: 0.7993020000000002.
[I 2023-08-07 16:23:17,346] Trial 131 finished with value: 0.787256 and parameters: {'alpha': 2, 'beta': 2.5, 'l1_in': 128, 'actor_l2_in': 64, 'actor_l3_in': 128, 'actor_l4_in': 128, 'critic_l2_in': 192, 'critic_l3_in': 256, 'critic_l4_in': 192, 'actor_lr': 0.0001}. Best is trial 66 with value: 0.7993020000000002.
[I 2023-08-07 16:25:05,277] Trial 132 finished with value: 0.7700400000000001 and parameters: {'alpha': 2, 'beta': 2.5, 'l1_in': 128, 'actor_l2_in': 64, 'actor_l3_in': 128, 'actor_l4_in': 128, 'critic_l2_in': 192, 'critic_l3_in': 256, 'critic_l4_in': 192, 'actor_lr': 0.0001}. Best is trial 66 with value: 0.7993020000000002.
[I 2023-08-07 16:26:54,731] Trial 133 finished with value: 0.7574799999999999 and parameters: {'alpha': 2, 'beta': 2.5, 'l1_in': 128, 'actor_l2_in': 64, 'actor_l3_in': 128, 'actor_l4_in': 128, 'critic_l2_in': 192, 'critic_l3_in': 256, 'critic_l4_in': 192, 'actor_lr': 0.0001}. Best is trial 66 with value: 0.7993020000000002.
[I 2023-08-07 16:28:42,601] Trial 134 finished with value: 0.7771300000000001 and parameters: {'alpha': 2, 'beta': 2.5, 'l1_in': 128, 'actor_l2_in': 64, 'actor_l3_in': 128, 'actor_l4_in': 128, 'critic_l2_in': 192, 'critic_l3_in': 256, 'critic_l4_in': 192, 'actor_lr': 0.0001}. Best is trial 66 with value: 0.7993020000000002.
[I 2023-08-07 16:30:32,425] Trial 135 finished with value: 0.616918 and parameters: {'alpha': 2, 'beta': 2.5, 'l1_in': 128, 'actor_l2_in': 256, 'actor_l3_in': 128, 'actor_l4_in': 128, 'critic_l2_in': 192, 'critic_l3_in': 256, 'critic_l4_in': 192, 'actor_lr': 0.0009}. Best is trial 66 with value: 0.7993020000000002.
[I 2023-08-07 16:32:12,808] Trial 136 finished with value: 0.7547279999999998 and parameters: {'alpha': 2, 'beta': 2.5, 'l1_in': 192, 'actor_l2_in': 64, 'actor_l3_in': 128, 'actor_l4_in': 192, 'critic_l2_in': 64, 'critic_l3_in': 256, 'critic_l4_in': 192, 'actor_lr': 0.0001}. Best is trial 66 with value: 0.7993020000000002.
