[I 2023-08-07 16:34:00,201] Trial 137 finished with value: 0.526408 and parameters: {'alpha': 2, 'beta': 2.5, 'l1_in': 128, 'actor_l2_in': 64, 'actor_l3_in': 128, 'actor_l4_in': 128, 'critic_l2_in': 192, 'critic_l3_in': 256, 'critic_l4_in': 192, 'actor_lr': 0.0004}. Best is trial 66 with value: 0.7993020000000002.
[I 2023-08-07 16:35:46,195] Trial 138 finished with value: 0.760454 and parameters: {'alpha': 2, 'beta': 2.5, 'l1_in': 128, 'actor_l2_in': 64, 'actor_l3_in': 128, 'actor_l4_in': 128, 'critic_l2_in': 192, 'critic_l3_in': 64, 'critic_l4_in': 128, 'actor_lr': 0.0001}. Best is trial 66 with value: 0.7993020000000002.
[I 2023-08-07 16:37:33,290] Trial 139 finished with value: 0.486064 and parameters: {'alpha': 10, 'beta': 3.0, 'l1_in': 128, 'actor_l2_in': 64, 'actor_l3_in': 64, 'actor_l4_in': 128, 'critic_l2_in': 192, 'critic_l3_in': 128, 'critic_l4_in': 192, 'actor_lr': 0.0007}. Best is trial 66 with value: 0.7993020000000002.
[I 2023-08-07 16:39:20,177] Trial 140 finished with value: 0.705404 and parameters: {'alpha': 2, 'beta': 2.0, 'l1_in': 256, 'actor_l2_in': 64, 'actor_l3_in': 256, 'actor_l4_in': 64, 'critic_l2_in': 128, 'critic_l3_in': 256, 'critic_l4_in': 64, 'actor_lr': 0.0001}. Best is trial 66 with value: 0.7993020000000002.
[I 2023-08-07 16:41:07,067] Trial 141 finished with value: 0.779026 and parameters: {'alpha': 2, 'beta': 2.0, 'l1_in': 128, 'actor_l2_in': 64, 'actor_l3_in': 128, 'actor_l4_in': 128, 'critic_l2_in': 192, 'critic_l3_in': 192, 'critic_l4_in': 192, 'actor_lr': 0.0001}. Best is trial 66 with value: 0.7993020000000002.
[I 2023-08-07 16:42:48,993] Trial 142 finished with value: 0.8002139999999999 and parameters: {'alpha': 2, 'beta': 2.0, 'l1_in': 128, 'actor_l2_in': 64, 'actor_l3_in': 128, 'actor_l4_in': 128, 'critic_l2_in': 192, 'critic_l3_in': 192, 'critic_l4_in': 192, 'actor_lr': 0.0001}. Best is trial 142 with value: 0.8002139999999999.
[I 2023-08-07 16:44:33,999] Trial 143 finished with value: 0.77525 and parameters: {'alpha': 2, 'beta': 2.0, 'l1_in': 128, 'actor_l2_in': 64, 'actor_l3_in': 128, 'actor_l4_in': 128, 'critic_l2_in': 192, 'critic_l3_in': 192, 'critic_l4_in': 192, 'actor_lr': 0.0001}. Best is trial 142 with value: 0.8002139999999999.
[I 2023-08-07 16:46:18,581] Trial 144 finished with value: 0.7844239999999999 and parameters: {'alpha': 2, 'beta': 2.0, 'l1_in': 128, 'actor_l2_in': 64, 'actor_l3_in': 128, 'actor_l4_in': 128, 'critic_l2_in': 192, 'critic_l3_in': 192, 'critic_l4_in': 192, 'actor_lr': 0.0001}. Best is trial 142 with value: 0.8002139999999999.
[I 2023-08-07 16:48:03,400] Trial 145 finished with value: 0.5122500000000001 and parameters: {'alpha': 2, 'beta': 2.0, 'l1_in': 128, 'actor_l2_in': 64, 'actor_l3_in': 128, 'actor_l4_in': 128, 'critic_l2_in': 192, 'critic_l3_in': 192, 'critic_l4_in': 192, 'actor_lr': 0.0005}. Best is trial 142 with value: 0.8002139999999999.
[I 2023-08-07 16:49:45,404] Trial 146 finished with value: 0.7440460000000001 and parameters: {'alpha': 4, 'beta': 1.5, 'l1_in': 128, 'actor_l2_in': 64, 'actor_l3_in': 192, 'actor_l4_in': 128, 'critic_l2_in': 192, 'critic_l3_in': 128, 'critic_l4_in': 192, 'actor_lr': 0.0001}. Best is trial 142 with value: 0.8002139999999999.
[I 2023-08-07 16:51:30,923] Trial 147 finished with value: 0.506116 and parameters: {'alpha': 2, 'beta': 2.0, 'l1_in': 128, 'actor_l2_in': 64, 'actor_l3_in': 128, 'actor_l4_in': 128, 'critic_l2_in': 192, 'critic_l3_in': 192, 'critic_l4_in': 192, 'actor_lr': 0.0003}. Best is trial 142 with value: 0.8002139999999999.
[I 2023-08-07 16:53:20,065] Trial 148 finished with value: 0.788124 and parameters: {'alpha': 2, 'beta': 2.0, 'l1_in': 128, 'actor_l2_in': 128, 'actor_l3_in': 128, 'actor_l4_in': 256, 'critic_l2_in': 256, 'critic_l3_in': 192, 'critic_l4_in': 256, 'actor_lr': 0.0001}. Best is trial 142 with value: 0.8002139999999999.
[I 2023-08-07 16:55:09,993] Trial 149 finished with value: 0.7995720000000001 and parameters: {'alpha': 2, 'beta': 2.0, 'l1_in': 128, 'actor_l2_in': 128, 'actor_l3_in': 128, 'actor_l4_in': 256, 'critic_l2_in': 256, 'critic_l3_in': 192, 'critic_l4_in': 256, 'actor_lr': 0.0001}. Best is trial 142 with value: 0.8002139999999999.

################## BEST DATA ##############
Best value: 0.8002139999999999
################## BEST PARAM #############
param: {'alpha': 2, 'beta': 2.0, 'l1_in': 128, 'actor_l2_in': 64, 'actor_l3_in': 128, 'actor_l4_in': 128, 'critic_l2_in': 192, 'critic_l3_in': 192, 'critic_l4_in': 192, 'actor_lr': 0.0001}
