
[I 2023-08-07 12:30:27,756] A new study created in memory with name: no-name-4adda350-4943-4675-8f31-3d5c97e40c6b
[I 2023-08-07 12:32:18,528] Trial 0 finished with value: 0.480534 and parameters: {'alpha': 8, 'beta': 1.5, 'l1_in': 256, 'actor_l2_in': 192, 'actor_l3_in': 64, 'actor_l4_in': 192, 'critic_l2_in': 128, 'critic_l3_in': 256, 'critic_l4_in': 192, 'actor_lr': 0.0007}. Best is trial 0 with value: 0.480534.

[I 2023-08-07 12:34:09,652] Trial 1 finished with value: 0.48096200000000006 and parameters: {'alpha': 4, 'beta': 3.0, 'l1_in': 256, 'actor_l2_in': 64, 'actor_l3_in': 256, 'actor_l4_in': 256, 'critic_l2_in': 256, 'critic_l3_in': 64, 'critic_l4_in': 128, 'actor_lr': 0.0002}. Best is trial 1 with value: 0.48096200000000006.
[I 2023-08-07 12:35:57,966] Trial 2 finished with value: 0.49070400000000003 and parameters: {'alpha': 6, 'beta': 1.5, 'l1_in': 256, 'actor_l2_in': 192, 'actor_l3_in': 256, 'actor_l4_in': 128, 'critic_l2_in': 64, 'critic_l3_in': 256, 'critic_l4_in': 64, 'actor_lr': 0.0001}. Best is trial 2 with value: 0.49070400000000003.
[I 2023-08-07 12:37:44,794] Trial 3 finished with value: 0.4806120000000001 and parameters: {'alpha': 8, 'beta': 1.5, 'l1_in': 192, 'actor_l2_in': 128, 'actor_l3_in': 256, 'actor_l4_in': 192, 'critic_l2_in': 256, 'critic_l3_in': 64, 'critic_l4_in': 256, 'actor_lr': 0.0008}. Best is trial 2 with value: 0.49070400000000003.
[I 2023-08-07 12:39:27,355] Trial 4 finished with value: 0.48302000000000006 and parameters: {'alpha': 6, 'beta': 1.5, 'l1_in': 192, 'actor_l2_in': 128, 'actor_l3_in': 64, 'actor_l4_in': 64, 'critic_l2_in': 64, 'critic_l3_in': 256, 'critic_l4_in': 256, 'actor_lr': 0.0007}. Best is trial 2 with value: 0.49070400000000003.
[I 2023-08-07 12:41:15,592] Trial 5 finished with value: 0.636876 and parameters: {'alpha': 4, 'beta': 3.0, 'l1_in': 128, 'actor_l2_in': 64, 'actor_l3_in': 192, 'actor_l4_in': 128, 'critic_l2_in': 192, 'critic_l3_in': 256, 'critic_l4_in': 192, 'actor_lr': 0.0001}. Best is trial 5 with value: 0.636876.
[I 2023-08-07 12:43:09,622] Trial 6 finished with value: 0.54754 and parameters: {'alpha': 4, 'beta': 3.0, 'l1_in': 128, 'actor_l2_in': 128, 'actor_l3_in': 192, 'actor_l4_in': 64, 'critic_l2_in': 256, 'critic_l3_in': 256, 'critic_l4_in': 256, 'actor_lr': 0.0009}. Best is trial 5 with value: 0.636876.
[I 2023-08-07 12:44:56,683] Trial 7 finished with value: 0.48678 and parameters: {'alpha': 6, 'beta': 2.5, 'l1_in': 192, 'actor_l2_in': 256, 'actor_l3_in': 192, 'actor_l4_in': 64, 'critic_l2_in': 128, 'critic_l3_in': 64, 'critic_l4_in': 192, 'actor_lr': 0.0002}. Best is trial 5 with value: 0.636876.
[I 2023-08-07 12:46:34,895] Trial 8 finished with value: 0.48380800000000007 and parameters: {'alpha': 8, 'beta': 2.5, 'l1_in': 128, 'actor_l2_in': 192, 'actor_l3_in': 256, 'actor_l4_in': 64, 'critic_l2_in': 64, 'critic_l3_in': 128, 'critic_l4_in': 64, 'actor_lr': 0.0008}. Best is trial 5 with value: 0.636876.
[I 2023-08-07 12:48:24,224] Trial 9 finished with value: 0.606814 and parameters: {'alpha': 4, 'beta': 3.0, 'l1_in': 64, 'actor_l2_in': 128, 'actor_l3_in': 256, 'actor_l4_in': 256, 'critic_l2_in': 256, 'critic_l3_in': 256, 'critic_l4_in': 64, 'actor_lr': 0.0005}. Best is trial 5 with value: 0.636876.
[I 2023-08-07 12:50:08,135] Trial 10 finished with value: 0.780804 and parameters: {'alpha': 2, 'beta': 2.0, 'l1_in': 128, 'actor_l2_in': 64, 'actor_l3_in': 128, 'actor_l4_in': 128, 'critic_l2_in': 192, 'critic_l3_in': 192, 'critic_l4_in': 192, 'actor_lr': 0.0001}. Best is trial 10 with value: 0.780804.
[I 2023-08-07 12:51:55,347] Trial 11 finished with value: 0.791296 and parameters: {'alpha': 2, 'beta': 2.0, 'l1_in': 128, 'actor_l2_in': 64, 'actor_l3_in': 128, 'actor_l4_in': 128, 'critic_l2_in': 192, 'critic_l3_in': 192, 'critic_l4_in': 192, 'actor_lr': 0.0001}. Best is trial 11 with value: 0.791296.
[I 2023-08-07 12:53:39,358] Trial 12 finished with value: 0.776148 and parameters: {'alpha': 2, 'beta': 2.0, 'l1_in': 128, 'actor_l2_in': 64, 'actor_l3_in': 128, 'actor_l4_in': 128, 'critic_l2_in': 192, 'critic_l3_in': 192, 'critic_l4_in': 192, 'actor_lr': 0.0001}. Best is trial 11 with value: 0.791296.
[I 2023-08-07 12:55:24,323] Trial 13 finished with value: 0.5081800000000001 and parameters: {'alpha': 2, 'beta': 2.0, 'l1_in': 128, 'actor_l2_in': 64, 'actor_l3_in': 128, 'actor_l4_in': 128, 'critic_l2_in': 192, 'critic_l3_in': 192, 'critic_l4_in': 192, 'actor_lr': 0.0004}. Best is trial 11 with value: 0.791296.
[I 2023-08-07 12:57:05,005] Trial 14 finished with value: 0.483138 and parameters: {'alpha': 10, 'beta': 2.0, 'l1_in': 64, 'actor_l2_in': 64, 'actor_l3_in': 128, 'actor_l4_in': 128, 'critic_l2_in': 192, 'critic_l3_in': 192, 'critic_l4_in': 128, 'actor_lr': 0.0006}. Best is trial 11 with value: 0.791296.
[I 2023-08-07 12:58:51,204] Trial 15 finished with value: 0.5221 and parameters: {'alpha': 2, 'beta': 2.0, 'l1_in': 128, 'actor_l2_in': 256, 'actor_l3_in': 128, 'actor_l4_in': 128, 'critic_l2_in': 192, 'critic_l3_in': 192, 'critic_l4_in': 192, 'actor_lr': 0.0003}. Best is trial 11 with value: 0.791296.
[I 2023-08-07 13:00:36,538] Trial 16 finished with value: 0.788948 and parameters: {'alpha': 2, 'beta': 2.0, 'l1_in': 128, 'actor_l2_in': 64, 'actor_l3_in': 128, 'actor_l4_in': 128, 'critic_l2_in': 192, 'critic_l3_in': 192, 'critic_l4_in': 192, 'actor_lr': 0.0001}. Best is trial 11 with value: 0.791296.
[I 2023-08-07 13:02:18,435] Trial 17 finished with value: 0.789928 and parameters: {'alpha': 2, 'beta': 2.0, 'l1_in': 128, 'actor_l2_in': 64, 'actor_l3_in': 128, 'actor_l4_in': 128, 'critic_l2_in': 192, 'critic_l3_in': 128, 'critic_l4_in': 192, 'actor_lr': 0.0001}. Best is trial 11 with value: 0.791296.
[I 2023-08-07 13:04:04,822] Trial 18 finished with value: 0.4865120000000001 and parameters: {'alpha': 10, 'beta': 2.0, 'l1_in': 64, 'actor_l2_in': 64, 'actor_l3_in': 128, 'actor_l4_in': 192, 'critic_l2_in': 192, 'critic_l3_in': 128, 'critic_l4_in': 128, 'actor_lr': 0.0003}. Best is trial 11 with value: 0.791296.
[I 2023-08-07 13:05:46,458] Trial 19 finished with value: 0.5942719999999999 and parameters: {'alpha': 2, 'beta': 2.0, 'l1_in': 128, 'actor_l2_in': 256, 'actor_l3_in': 128, 'actor_l4_in': 256, 'critic_l2_in': 128, 'critic_l3_in': 128, 'critic_l4_in': 192, 'actor_lr': 0.0004}. Best is trial 11 with value: 0.791296.
[I 2023-08-07 13:07:32,542] Trial 20 finished with value: 0.4872140000000001 and parameters: {'alpha': 2, 'beta': 2.5, 'l1_in': 128, 'actor_l2_in': 64, 'actor_l3_in': 64, 'actor_l4_in': 128, 'critic_l2_in': 192, 'critic_l3_in': 128, 'critic_l4_in': 192, 'actor_lr': 0.0009}. Best is trial 11 with value: 0.791296.
[I 2023-08-07 13:09:18,081] Trial 21 finished with value: 0.7851520000000001 and parameters: {'alpha': 2, 'beta': 2.0, 'l1_in': 128, 'actor_l2_in': 64, 'actor_l3_in': 128, 'actor_l4_in': 128, 'critic_l2_in': 192, 'critic_l3_in': 192, 'critic_l4_in': 192, 'actor_lr': 0.0001}. Best is trial 11 with value: 0.791296.
[I 2023-08-07 13:11:02,540] Trial 22 finished with value: 0.7840999999999999 and parameters: {'alpha': 2, 'beta': 2.0, 'l1_in': 128, 'actor_l2_in': 64, 'actor_l3_in': 128, 'actor_l4_in': 128, 'critic_l2_in': 192, 'critic_l3_in': 192, 'critic_l4_in': 192, 'actor_lr': 0.0001}. Best is trial 11 with value: 0.791296.
[I 2023-08-07 13:12:47,118] Trial 23 finished with value: 0.775292 and parameters: {'alpha': 2, 'beta': 2.0, 'l1_in': 128, 'actor_l2_in': 64, 'actor_l3_in': 128, 'actor_l4_in': 128, 'critic_l2_in': 192, 'critic_l3_in': 128, 'critic_l4_in': 192, 'actor_lr': 0.0001}. Best is trial 11 with value: 0.791296.
[I 2023-08-07 13:14:33,409] Trial 24 finished with value: 0.559706 and parameters: {'alpha': 2, 'beta': 2.0, 'l1_in': 128, 'actor_l2_in': 64, 'actor_l3_in': 128, 'actor_l4_in': 128, 'critic_l2_in': 192, 'critic_l3_in': 192, 'critic_l4_in': 192, 'actor_lr': 0.0006}. Best is trial 11 with value: 0.791296.
[I 2023-08-07 13:16:19,446] Trial 25 finished with value: 0.48371000000000003 and parameters: {'alpha': 10, 'beta': 2.0, 'l1_in': 128, 'actor_l2_in': 64, 'actor_l3_in': 128, 'actor_l4_in': 128, 'critic_l2_in': 192, 'critic_l3_in': 128, 'critic_l4_in': 192, 'actor_lr': 0.0005}. Best is trial 11 with value: 0.791296.
[I 2023-08-07 13:18:06,846] Trial 26 finished with value: 0.70745 and parameters: {'alpha': 2, 'beta': 2.0, 'l1_in': 256, 'actor_l2_in': 64, 'actor_l3_in': 128, 'actor_l4_in': 128, 'critic_l2_in': 192, 'critic_l3_in': 192, 'critic_l4_in': 64, 'actor_lr': 0.0001}. Best is trial 11 with value: 0.791296.
[I 2023-08-07 13:19:49,030] Trial 27 finished with value: 0.7790320000000001 and parameters: {'alpha': 2, 'beta': 2.0, 'l1_in': 64, 'actor_l2_in': 256, 'actor_l3_in': 128, 'actor_l4_in': 256, 'critic_l2_in': 128, 'critic_l3_in': 192, 'critic_l4_in': 256, 'actor_lr': 0.0001}. Best is trial 11 with value: 0.791296.
[I 2023-08-07 13:21:37,606] Trial 28 finished with value: 0.714612 and parameters: {'alpha': 2, 'beta': 2.5, 'l1_in': 192, 'actor_l2_in': 192, 'actor_l3_in': 192, 'actor_l4_in': 192, 'critic_l2_in': 64, 'critic_l3_in': 128, 'critic_l4_in': 128, 'actor_lr': 0.0001}. Best is trial 11 with value: 0.791296.
[I 2023-08-07 13:23:27,650] Trial 29 finished with value: 0.496176 and parameters: {'alpha': 8, 'beta': 1.5, 'l1_in': 256, 'actor_l2_in': 192, 'actor_l3_in': 64, 'actor_l4_in': 192, 'critic_l2_in': 192, 'critic_l3_in': 64, 'critic_l4_in': 192, 'actor_lr': 0.0007}. Best is trial 11 with value: 0.791296.
[I 2023-08-07 13:25:09,421] Trial 30 finished with value: 0.7480740000000001 and parameters: {'alpha': 2, 'beta': 2.0, 'l1_in': 128, 'actor_l2_in': 64, 'actor_l3_in': 64, 'actor_l4_in': 128, 'critic_l2_in': 128, 'critic_l3_in': 192, 'critic_l4_in': 192, 'actor_lr': 0.0001}. Best is trial 11 with value: 0.791296.
[I 2023-08-07 13:26:55,517] Trial 31 finished with value: 0.7736859999999999 and parameters: {'alpha': 2, 'beta': 2.0, 'l1_in': 128, 'actor_l2_in': 64, 'actor_l3_in': 128, 'actor_l4_in': 128, 'critic_l2_in': 192, 'critic_l3_in': 192, 'critic_l4_in': 192, 'actor_lr': 0.0001}. Best is trial 11 with value: 0.791296.
[I 2023-08-07 13:28:39,913] Trial 32 finished with value: 0.7644040000000001 and parameters: {'alpha': 2, 'beta': 2.0, 'l1_in': 128, 'actor_l2_in': 64, 'actor_l3_in': 128, 'actor_l4_in': 128, 'critic_l2_in': 192, 'critic_l3_in': 192, 'critic_l4_in': 192, 'actor_lr': 0.0002}. Best is trial 11 with value: 0.791296.
[I 2023-08-07 13:30:24,453] Trial 33 finished with value: 0.77462 and parameters: {'alpha': 2, 'beta': 2.0, 'l1_in': 128, 'actor_l2_in': 64, 'actor_l3_in': 128, 'actor_l4_in': 128, 'critic_l2_in': 192, 'critic_l3_in': 192, 'critic_l4_in': 192, 'actor_lr': 0.0001}. Best is trial 11 with value: 0.791296.
[I 2023-08-07 13:32:22,151] Trial 34 finished with value: 0.50803 and parameters: {'alpha': 6, 'beta': 2.0, 'l1_in': 256, 'actor_l2_in': 64, 'actor_l3_in': 128, 'actor_l4_in': 128, 'critic_l2_in': 256, 'critic_l3_in': 192, 'critic_l4_in': 192, 'actor_lr': 0.0001}. Best is trial 11 with value: 0.791296.
[I 2023-08-07 13:34:04,703] Trial 35 finished with value: 0.641698 and parameters: {'alpha': 8, 'beta': 1.5, 'l1_in': 128, 'actor_l2_in': 64, 'actor_l3_in': 128, 'actor_l4_in': 256, 'critic_l2_in': 192, 'critic_l3_in': 64, 'critic_l4_in': 128, 'actor_lr': 0.0008}. Best is trial 11 with value: 0.791296.
[I 2023-08-07 13:35:45,123] Trial 36 finished with value: 0.47968800000000006 and parameters: {'alpha': 2, 'beta': 3.0, 'l1_in': 128, 'actor_l2_in': 128, 'actor_l3_in': 256, 'actor_l4_in': 128, 'critic_l2_in': 64, 'critic_l3_in': 192, 'critic_l4_in': 256, 'actor_lr': 0.0007}. Best is trial 11 with value: 0.791296.
[I 2023-08-07 13:37:30,872] Trial 37 finished with value: 0.5281180000000001 and parameters: {'alpha': 4, 'beta': 1.5, 'l1_in': 192, 'actor_l2_in': 192, 'actor_l3_in': 128, 'actor_l4_in': 128, 'critic_l2_in': 192, 'critic_l3_in': 128, 'critic_l4_in': 64, 'actor_lr': 0.0001}. Best is trial 11 with value: 0.791296.
[I 2023-08-07 13:39:32,309] Trial 38 finished with value: 0.483608 and parameters: {'alpha': 6, 'beta': 2.0, 'l1_in': 256, 'actor_l2_in': 64, 'actor_l3_in': 192, 'actor_l4_in': 64, 'critic_l2_in': 256, 'critic_l3_in': 256, 'critic_l4_in': 192, 'actor_lr': 0.0009}. Best is trial 11 with value: 0.791296.
[I 2023-08-07 13:41:18,940] Trial 39 finished with value: 0.483638 and parameters: {'alpha': 10, 'beta': 3.0, 'l1_in': 128, 'actor_l2_in': 128, 'actor_l3_in': 64, 'actor_l4_in': 192, 'critic_l2_in': 192, 'critic_l3_in': 64, 'critic_l4_in': 256, 'actor_lr': 0.0004}. Best is trial 11 with value: 0.791296.
[I 2023-08-07 13:42:59,595] Trial 40 finished with value: 0.527766 and parameters: {'alpha': 2, 'beta': 2.0, 'l1_in': 192, 'actor_l2_in': 64, 'actor_l3_in': 256, 'actor_l4_in': 64, 'critic_l2_in': 64, 'critic_l3_in': 192, 'critic_l4_in': 192, 'actor_lr': 0.0002}. Best is trial 11 with value: 0.791296.
[I 2023-08-07 13:44:45,726] Trial 41 finished with value: 0.7857940000000001 and parameters: {'alpha': 2, 'beta': 2.0, 'l1_in': 128, 'actor_l2_in': 64, 'actor_l3_in': 128, 'actor_l4_in': 128, 'critic_l2_in': 192, 'critic_l3_in': 192, 'critic_l4_in': 192, 'actor_lr': 0.0001}. Best is trial 11 with value: 0.791296.
[I 2023-08-07 13:46:29,695] Trial 42 finished with value: 0.784582 and parameters: {'alpha': 2, 'beta': 2.0, 'l1_in': 128, 'actor_l2_in': 64, 'actor_l3_in': 128, 'actor_l4_in': 128, 'critic_l2_in': 192, 'critic_l3_in': 192, 'critic_l4_in': 192, 'actor_lr': 0.0001}. Best is trial 11 with value: 0.791296.
[I 2023-08-07 13:48:14,518] Trial 43 finished with value: 0.75318 and parameters: {'alpha': 2, 'beta': 2.5, 'l1_in': 128, 'actor_l2_in': 64, 'actor_l3_in': 128, 'actor_l4_in': 128, 'critic_l2_in': 192, 'critic_l3_in': 192, 'critic_l4_in': 192, 'actor_lr': 0.0001}. Best is trial 11 with value: 0.791296.
[I 2023-08-07 13:50:03,879] Trial 44 finished with value: 0.48427600000000004 and parameters: {'alpha': 4, 'beta': 2.0, 'l1_in': 128, 'actor_l2_in': 64, 'actor_l3_in': 128, 'actor_l4_in': 128, 'critic_l2_in': 192, 'critic_l3_in': 256, 'critic_l4_in': 192, 'actor_lr': 0.0005}. Best is trial 11 with value: 0.791296.
[I 2023-08-07 13:51:45,937] Trial 45 finished with value: 0.537782 and parameters: {'alpha': 8, 'beta': 2.0, 'l1_in': 128, 'actor_l2_in': 64, 'actor_l3_in': 192, 'actor_l4_in': 128, 'critic_l2_in': 256, 'critic_l3_in': 192, 'critic_l4_in': 64, 'actor_lr': 0.0001}. Best is trial 11 with value: 0.791296.
[I 2023-08-07 13:53:31,781] Trial 46 finished with value: 0.5425340000000001 and parameters: {'alpha': 2, 'beta': 3.0, 'l1_in': 128, 'actor_l2_in': 256, 'actor_l3_in': 128, 'actor_l4_in': 128, 'critic_l2_in': 192, 'critic_l3_in': 192, 'critic_l4_in': 192, 'actor_lr': 0.0006}. Best is trial 11 with value: 0.791296.
[I 2023-08-07 13:55:14,501] Trial 47 finished with value: 0.480614 and parameters: {'alpha': 6, 'beta': 2.0, 'l1_in': 64, 'actor_l2_in': 128, 'actor_l3_in': 128, 'actor_l4_in': 128, 'critic_l2_in': 128, 'critic_l3_in': 192, 'critic_l4_in': 192, 'actor_lr': 0.0008}. Best is trial 11 with value: 0.791296.
[I 2023-08-07 13:56:56,592] Trial 48 finished with value: 0.7934840000000001 and parameters: {'alpha': 2, 'beta': 1.5, 'l1_in': 128, 'actor_l2_in': 64, 'actor_l3_in': 256, 'actor_l4_in': 64, 'critic_l2_in': 192, 'critic_l3_in': 128, 'critic_l4_in': 192, 'actor_lr': 0.0001}. Best is trial 48 with value: 0.7934840000000001.
[I 2023-08-07 13:58:38,466] Trial 49 finished with value: 0.5208900000000002 and parameters: {'alpha': 2, 'beta': 1.5, 'l1_in': 128, 'actor_l2_in': 192, 'actor_l3_in': 256, 'actor_l4_in': 64, 'critic_l2_in': 192, 'critic_l3_in': 128, 'critic_l4_in': 128, 'actor_lr': 0.0003}. Best is trial 48 with value: 0.7934840000000001.
[I 2023-08-07 14:00:25,664] Trial 50 finished with value: 0.5842459999999999 and parameters: {'alpha': 4, 'beta': 1.5, 'l1_in': 192, 'actor_l2_in': 64, 'actor_l3_in': 256, 'actor_l4_in': 64, 'critic_l2_in': 64, 'critic_l3_in': 128, 'critic_l4_in': 256, 'actor_lr': 0.0001}. Best is trial 48 with value: 0.7934840000000001.
[I 2023-08-07 14:02:11,070] Trial 51 finished with value: 0.766334 and parameters: {'alpha': 2, 'beta': 1.5, 'l1_in': 128, 'actor_l2_in': 64, 'actor_l3_in': 256, 'actor_l4_in': 64, 'critic_l2_in': 192, 'critic_l3_in': 128, 'critic_l4_in': 192, 'actor_lr': 0.0001}. Best is trial 48 with value: 0.7934840000000001.
[I 2023-08-07 14:03:53,550] Trial 52 finished with value: 0.7505740000000001 and parameters: {'alpha': 2, 'beta': 1.5, 'l1_in': 128, 'actor_l2_in': 64, 'actor_l3_in': 256, 'actor_l4_in': 64, 'critic_l2_in': 192, 'critic_l3_in': 128, 'critic_l4_in': 192, 'actor_lr': 0.0001}. Best is trial 48 with value: 0.7934840000000001.
[I 2023-08-07 14:05:41,036] Trial 53 finished with value: 0.774166 and parameters: {'alpha': 2, 'beta': 2.0, 'l1_in': 128, 'actor_l2_in': 64, 'actor_l3_in': 128, 'actor_l4_in': 256, 'critic_l2_in': 192, 'critic_l3_in': 256, 'critic_l4_in': 192, 'actor_lr': 0.0001}. Best is trial 48 with value: 0.7934840000000001.
[I 2023-08-07 14:07:24,571] Trial 54 finished with value: 0.7744199999999999 and parameters: {'alpha': 2, 'beta': 2.5, 'l1_in': 128, 'actor_l2_in': 64, 'actor_l3_in': 256, 'actor_l4_in': 128, 'critic_l2_in': 192, 'critic_l3_in': 128, 'critic_l4_in': 192, 'actor_lr': 0.0001}. Best is trial 48 with value: 0.7934840000000001.
[I 2023-08-07 14:09:12,912] Trial 55 finished with value: 0.48624600000000007 and parameters: {'alpha': 2, 'beta': 2.0, 'l1_in': 128, 'actor_l2_in': 64, 'actor_l3_in': 128, 'actor_l4_in': 64, 'critic_l2_in': 192, 'critic_l3_in': 64, 'critic_l4_in': 192, 'actor_lr': 0.0009}. Best is trial 48 with value: 0.7934840000000001.
[I 2023-08-07 14:10:57,605] Trial 56 finished with value: 0.620038 and parameters: {'alpha': 10, 'beta': 2.0, 'l1_in': 64, 'actor_l2_in': 256, 'actor_l3_in': 128, 'actor_l4_in': 128, 'critic_l2_in': 192, 'critic_l3_in': 192, 'critic_l4_in': 192, 'actor_lr': 0.0001}. Best is trial 48 with value: 0.7934840000000001.
[I 2023-08-07 14:12:41,790] Trial 57 finished with value: 0.569898 and parameters: {'alpha': 2, 'beta': 1.5, 'l1_in': 128, 'actor_l2_in': 64, 'actor_l3_in': 128, 'actor_l4_in': 128, 'critic_l2_in': 192, 'critic_l3_in': 128, 'critic_l4_in': 192, 'actor_lr': 0.0004}. Best is trial 48 with value: 0.7934840000000001.
[I 2023-08-07 14:14:24,056] Trial 58 finished with value: 0.545064 and parameters: {'alpha': 2, 'beta': 2.0, 'l1_in': 128, 'actor_l2_in': 64, 'actor_l3_in': 192, 'actor_l4_in': 192, 'critic_l2_in': 192, 'critic_l3_in': 192, 'critic_l4_in': 64, 'actor_lr': 0.0003}. Best is trial 48 with value: 0.7934840000000001.
[I 2023-08-07 14:16:10,058] Trial 59 finished with value: 0.5867319999999999 and parameters: {'alpha': 2, 'beta': 2.0, 'l1_in': 128, 'actor_l2_in': 64, 'actor_l3_in': 128, 'actor_l4_in': 128, 'critic_l2_in': 128, 'critic_l3_in': 128, 'critic_l4_in': 192, 'actor_lr': 0.0007}. Best is trial 48 with value: 0.7934840000000001.
[I 2023-08-07 14:18:08,145] Trial 60 finished with value: 0.48435000000000006 and parameters: {'alpha': 8, 'beta': 3.0, 'l1_in': 256, 'actor_l2_in': 128, 'actor_l3_in': 64, 'actor_l4_in': 128, 'critic_l2_in': 256, 'critic_l3_in': 192, 'critic_l4_in': 192, 'actor_lr': 0.0005}. Best is trial 48 with value: 0.7934840000000001.
[I 2023-08-07 14:19:54,592] Trial 61 finished with value: 0.7950400000000001 and parameters: {'alpha': 2, 'beta': 2.0, 'l1_in': 128, 'actor_l2_in': 64, 'actor_l3_in': 128, 'actor_l4_in': 128, 'critic_l2_in': 192, 'critic_l3_in': 192, 'critic_l4_in': 192, 'actor_lr': 0.0001}. Best is trial 61 with value: 0.7950400000000001.
[I 2023-08-07 14:21:39,632] Trial 62 finished with value: 0.763168 and parameters: {'alpha': 2, 'beta': 2.0, 'l1_in': 128, 'actor_l2_in': 64, 'actor_l3_in': 128, 'actor_l4_in': 128, 'critic_l2_in': 192, 'critic_l3_in': 192, 'critic_l4_in': 192, 'actor_lr': 0.0001}. Best is trial 61 with value: 0.7950400000000001.
[I 2023-08-07 14:23:26,154] Trial 63 finished with value: 0.766918 and parameters: {'alpha': 2, 'beta': 2.0, 'l1_in': 128, 'actor_l2_in': 64, 'actor_l3_in': 128, 'actor_l4_in': 128, 'critic_l2_in': 192, 'critic_l3_in': 192, 'critic_l4_in': 192, 'actor_lr': 0.0001}. Best is trial 61 with value: 0.7950400000000001.
[I 2023-08-07 14:25:10,646] Trial 64 finished with value: 0.782356 and parameters: {'alpha': 2, 'beta': 2.0, 'l1_in': 128, 'actor_l2_in': 64, 'actor_l3_in': 128, 'actor_l4_in': 128, 'critic_l2_in': 192, 'critic_l3_in': 192, 'critic_l4_in': 192, 'actor_lr': 0.0001}. Best is trial 61 with value: 0.7950400000000001.
[I 2023-08-07 14:26:56,594] Trial 65 finished with value: 0.48998600000000003 and parameters: {'alpha': 2, 'beta': 2.0, 'l1_in': 128, 'actor_l2_in': 64, 'actor_l3_in': 128, 'actor_l4_in': 256, 'critic_l2_in': 192, 'critic_l3_in': 192, 'critic_l4_in': 192, 'actor_lr': 0.0006}. Best is trial 61 with value: 0.7950400000000001.
[I 2023-08-07 14:28:39,889] Trial 66 finished with value: 0.7993020000000002 and parameters: {'alpha': 2, 'beta': 2.0, 'l1_in': 128, 'actor_l2_in': 64, 'actor_l3_in': 128, 'actor_l4_in': 128, 'critic_l2_in': 192, 'critic_l3_in': 192, 'critic_l4_in': 128, 'actor_lr': 0.0001}. Best is trial 66 with value: 0.7993020000000002.
[I 2023-08-07 14:30:21,601] Trial 67 finished with value: 0.565762 and parameters: {'alpha': 6, 'beta': 2.0, 'l1_in': 128, 'actor_l2_in': 64, 'actor_l3_in': 128, 'actor_l4_in': 128, 'critic_l2_in': 192, 'critic_l3_in': 256, 'critic_l4_in': 128, 'actor_lr': 0.0001}. Best is trial 66 with value: 0.7993020000000002.
[I 2023-08-07 14:32:07,106] Trial 68 finished with value: 0.7722399999999999 and parameters: {'alpha': 2, 'beta': 2.5, 'l1_in': 64, 'actor_l2_in': 192, 'actor_l3_in': 256, 'actor_l4_in': 128, 'critic_l2_in': 192, 'critic_l3_in': 192, 'critic_l4_in': 128, 'actor_lr': 0.0002}. Best is trial 66 with value: 0.7993020000000002.
